13:47:37:405  INFO 39964 --- [main] com.hmall.pay.PayApplication             : The following 1 profile is active: "local"
13:47:38:651  INFO 39964 --- [main] .s.d.r.c.RepositoryConfigurationDelegate : Multiple Spring Data modules found, entering strict repository configuration mode
13:47:38:655  INFO 39964 --- [main] .s.d.r.c.RepositoryConfigurationDelegate : Bootstrapping Spring Data Redis repositories in DEFAULT mode.
13:47:38:685  INFO 39964 --- [main] .s.d.r.c.RepositoryConfigurationDelegate : Finished Spring Data repository scanning in 11 ms. Found 0 Redis repository interfaces.
13:47:39:014  INFO 39964 --- [main] o.s.cloud.context.scope.GenericScope     : BeanFactory id=140d2811-ebd2-3a75-8be8-769a16975e42
13:47:39:491  INFO 39964 --- [main] o.s.b.w.embedded.tomcat.TomcatWebServer  : Tomcat initialized with port(s): 8086 (http)
13:47:39:502  INFO 39964 --- [main] o.apache.catalina.core.StandardService   : Starting service [Tomcat]
13:47:39:502  INFO 39964 --- [main] org.apache.catalina.core.StandardEngine  : Starting Servlet engine: [Apache Tomcat/9.0.75]
13:47:39:743  INFO 39964 --- [main] o.a.c.c.C.[Tomcat].[localhost].[/]       : Initializing Spring embedded WebApplicationContext
13:47:39:743  INFO 39964 --- [main] w.s.c.ServletWebServerApplicationContext : Root WebApplicationContext: initialization completed in 2303 ms
13:47:40:003  INFO 39964 --- [main] o.s.c.openfeign.FeignClientFactoryBean   : For 'user-service' URL not provided. Will try picking an instance via load-balancing.
13:47:40:329  INFO 39964 --- [main] o.s.c.openfeign.FeignClientFactoryBean   : For 'trade-service' URL not provided. Will try picking an instance via load-balancing.
13:47:43:441  INFO 39964 --- [main] o.s.cloud.commons.util.InetUtils         : Cannot determine local hostname
13:47:43:478  INFO 39964 --- [main] pertySourcedRequestMappingHandlerMapping : Mapped URL path [/v2/api-docs] onto method [springfox.documentation.swagger2.web.Swagger2ControllerWebMvc#getDocumentation(String, HttpServletRequest)]
13:47:45:370  INFO 39964 --- [main] o.s.cloud.commons.util.InetUtils         : Cannot determine local hostname
13:47:45:544  INFO 39964 --- [main] com.alibaba.nacos.common.remote.client   : [RpcClientFactory] create a new rpc client of 7fb593ba-81aa-4e8c-9938-b49700e33831
13:47:45:545  INFO 39964 --- [main] com.alibaba.nacos.common.remote.client   : [7fb593ba-81aa-4e8c-9938-b49700e33831] RpcClient init label, labels = {module=naming, source=sdk}
13:47:45:547  INFO 39964 --- [main] com.alibaba.nacos.common.remote.client   : [7fb593ba-81aa-4e8c-9938-b49700e33831] RpcClient init, ServerListFactory = com.alibaba.nacos.client.naming.core.ServerListManager
13:47:45:547  INFO 39964 --- [main] com.alibaba.nacos.common.remote.client   : [7fb593ba-81aa-4e8c-9938-b49700e33831] Registry connection listener to current client:com.alibaba.nacos.client.naming.remote.gprc.redo.NamingGrpcRedoService
13:47:45:548  INFO 39964 --- [main] com.alibaba.nacos.common.remote.client   : [7fb593ba-81aa-4e8c-9938-b49700e33831] Register server push request handler:com.alibaba.nacos.client.naming.remote.gprc.NamingPushRequestHandler
13:47:45:548  INFO 39964 --- [main] com.alibaba.nacos.common.remote.client   : [7fb593ba-81aa-4e8c-9938-b49700e33831] Try to connect to server on start up, server: {serverIp = '192.168.43.143', server main port = 8848}
13:47:45:684  INFO 39964 --- [main] com.alibaba.nacos.common.remote.client   : [7fb593ba-81aa-4e8c-9938-b49700e33831] Success to connect to server [192.168.43.143:8848] on start up, connectionId = 1760334465928_192.168.43.144_44037
13:47:45:684  INFO 39964 --- [main] com.alibaba.nacos.common.remote.client   : [7fb593ba-81aa-4e8c-9938-b49700e33831] Register server push request handler:com.alibaba.nacos.common.remote.client.RpcClient$ConnectResetRequestHandler
13:47:45:684  INFO 39964 --- [com.alibaba.nacos.client.remote.worker] com.alibaba.nacos.common.remote.client   : [7fb593ba-81aa-4e8c-9938-b49700e33831] Notify connected event to listeners.
13:47:45:685  INFO 39964 --- [main] com.alibaba.nacos.common.remote.client   : [7fb593ba-81aa-4e8c-9938-b49700e33831] Register server push request handler:com.alibaba.nacos.common.remote.client.RpcClient$$Lambda$472/0x0000000840393040
13:47:45:747  INFO 39964 --- [main] o.s.b.w.embedded.tomcat.TomcatWebServer  : Tomcat started on port(s): 8086 (http) with context path ''
13:47:45:764  INFO 39964 --- [main] c.a.c.n.registry.NacosServiceRegistry    : nacos registry, DEFAULT_GROUP pay-service 192.168.113.1:8086 register finished
13:47:46:215  INFO 39964 --- [nacos-grpc-client-executor-6] com.alibaba.nacos.common.remote.client   : [7fb593ba-81aa-4e8c-9938-b49700e33831] Receive server push request, request = NotifySubscriberRequest, requestId = 569
13:47:46:234  INFO 39964 --- [nacos-grpc-client-executor-6] com.alibaba.nacos.common.remote.client   : [7fb593ba-81aa-4e8c-9938-b49700e33831] Ack server push request, request = NotifySubscriberRequest, requestId = 569
13:47:47:215  INFO 39964 --- [main] o.s.cloud.commons.util.InetUtils         : Cannot determine local hostname
13:47:47:215  INFO 39964 --- [main] d.s.w.p.DocumentationPluginsBootstrapper : Documentation plugins bootstrapped
13:47:47:218  INFO 39964 --- [main] d.s.w.p.DocumentationPluginsBootstrapper : Found 1 custom documentation plugin(s)
13:47:47:243  INFO 39964 --- [main] s.d.s.w.s.ApiListingReferenceScanner     : Scanning for api listing references
13:47:47:348  INFO 39964 --- [main] com.hmall.pay.PayApplication             : Started PayApplication in 16.378 seconds (JVM running for 17.641)
13:47:47:355  INFO 39964 --- [main] c.a.c.n.refresh.NacosContextRefresher    : [Nacos Config] Listening config: dataId=pay-service, group=DEFAULT_GROUP
13:47:47:356  INFO 39964 --- [main] c.a.c.n.refresh.NacosContextRefresher    : [Nacos Config] Listening config: dataId=pay-service.yaml, group=DEFAULT_GROUP
13:47:47:357  INFO 39964 --- [main] c.a.c.n.refresh.NacosContextRefresher    : [Nacos Config] Listening config: dataId=pay-service-local.yaml, group=DEFAULT_GROUP
13:49:11:313  WARN 39964 --- [Thread-1] c.a.n.common.http.HttpClientBeanHolder   : [HttpClientBeanHolder] Start destroying common HttpClient
13:49:11:313  WARN 39964 --- [Thread-5] c.a.nacos.common.notify.NotifyCenter     : [NotifyCenter] Start destroying Publisher
13:49:11:315  WARN 39964 --- [Thread-1] c.a.n.common.http.HttpClientBeanHolder   : [HttpClientBeanHolder] Destruction of the end
13:49:11:315  WARN 39964 --- [Thread-5] c.a.nacos.common.notify.NotifyCenter     : [NotifyCenter] Destruction of the end
13:49:12:730  INFO 39964 --- [SpringApplicationShutdownHook] c.a.c.n.registry.NacosServiceRegistry    : De-registering from Nacos Server now...
13:49:12:745  INFO 39964 --- [SpringApplicationShutdownHook] c.a.c.n.registry.NacosServiceRegistry    : De-registration finished.
13:49:13:075  INFO 39964 --- [SpringApplicationShutdownHook] com.alibaba.nacos.common.remote.client   : Shutdown rpc client, set status to shutdown
13:49:13:075  INFO 39964 --- [SpringApplicationShutdownHook] com.alibaba.nacos.common.remote.client   : Shutdown client event executor java.util.concurrent.ScheduledThreadPoolExecutor@3e6abd54[Running, pool size = 2, active threads = 2, queued tasks = 0, completed tasks = 0]
13:49:13:075  INFO 39964 --- [SpringApplicationShutdownHook] com.alibaba.nacos.common.remote.client   : Close current connection 1760334465928_192.168.43.144_44037
13:49:13:078  INFO 39964 --- [nacos-grpc-client-executor-27] c.a.n.c.remote.client.grpc.GrpcClient    : [1760334465928_192.168.43.144_44037]Ignore complete event,isRunning:false,isAbandon=false
13:49:13:084  INFO 39964 --- [SpringApplicationShutdownHook] c.a.n.c.remote.client.grpc.GrpcClient    : Shutdown grpc executor java.util.concurrent.ThreadPoolExecutor@3b241a39[Running, pool size = 5, active threads = 0, queued tasks = 0, completed tasks = 28]
