13:39:20:197  INFO 3100 --- [main] com.hmall.gateway.GatewayApplication     : The following 1 profile is active: "local"
13:39:21:072  INFO 3100 --- [main] o.s.cloud.context.scope.GenericScope     : BeanFactory id=d1d0a184-7ed6-315a-9788-ea61111f508b
13:39:21:141  INFO 3100 --- [main] trationDelegate$BeanPostProcessorChecker : Bean 'org.springframework.cloud.client.loadbalancer.reactive.LoadBalancerBeanPostProcessorAutoConfiguration' of type [org.springframework.cloud.client.loadbalancer.reactive.LoadBalancerBeanPostProcessorAutoConfiguration] is not eligible for getting processed by all BeanPostProcessors (for example: not eligible for auto-proxying)
13:39:21:142  INFO 3100 --- [main] trationDelegate$BeanPostProcessorChecker : Bean 'org.springframework.cloud.client.loadbalancer.reactive.LoadBalancerBeanPostProcessorAutoConfiguration$ReactorDeferringLoadBalancerFilterConfig' of type [org.springframework.cloud.client.loadbalancer.reactive.LoadBalancerBeanPostProcessorAutoConfiguration$ReactorDeferringLoadBalancerFilterConfig] is not eligible for getting processed by all BeanPostProcessors (for example: not eligible for auto-proxying)
13:39:21:144  INFO 3100 --- [main] trationDelegate$BeanPostProcessorChecker : Bean 'reactorDeferringLoadBalancerExchangeFilterFunction' of type [org.springframework.cloud.client.loadbalancer.reactive.DeferringLoadBalancerExchangeFilterFunction] is not eligible for getting processed by all BeanPostProcessors (for example: not eligible for auto-proxying)
13:39:22:047  INFO 3100 --- [main] c.h.gateway.routers.DynamicRouteLoader   : 监听到路由配置信息:[
    {
        "id": "item",
        "predicates": [{
            "name": "Path",
            "args": {"_genkey_0":"/items/**", "_genkey_1":"/search/**"}
        }],
        "filters": [],
        "uri": "lb://item-service"
    },
    {
        "id": "cart",
        "predicates": [{
            "name": "Path",
            "args": {"_genkey_0":"/carts/**"}
        }],
        "filters": [],
        "uri": "lb://cart-service"
    },
    {
        "id": "user",
        "predicates": [{
            "name": "Path",
            "args": {"_genkey_0":"/users/**", "_genkey_1":"/addresses/**"}
        }],
        "filters": [],
        "uri": "lb://user-service"
    },
    {
        "id": "trade",
        "predicates": [{
            "name": "Path",
            "args": {"_genkey_0":"/orders/**"}
        }],
        "filters": [],
        "uri": "lb://trade-service"
    },
    {
        "id": "pay",
        "predicates": [{
            "name": "Path",
            "args": {"_genkey_0":"/pay-orders/**"}
        }],
        "filters": [],
        "uri": "lb://pay-service"
    }
]
13:39:23:738  INFO 3100 --- [main] o.s.cloud.commons.util.InetUtils         : Cannot determine local hostname
13:39:25:060  INFO 3100 --- [main] o.s.cloud.commons.util.InetUtils         : Cannot determine local hostname
13:39:25:406  INFO 3100 --- [main] o.s.c.g.r.RouteDefinitionRouteLocator    : Loaded RoutePredicateFactory [After]
13:39:25:406  INFO 3100 --- [main] o.s.c.g.r.RouteDefinitionRouteLocator    : Loaded RoutePredicateFactory [Before]
13:39:25:407  INFO 3100 --- [main] o.s.c.g.r.RouteDefinitionRouteLocator    : Loaded RoutePredicateFactory [Between]
13:39:25:407  INFO 3100 --- [main] o.s.c.g.r.RouteDefinitionRouteLocator    : Loaded RoutePredicateFactory [Cookie]
13:39:25:407  INFO 3100 --- [main] o.s.c.g.r.RouteDefinitionRouteLocator    : Loaded RoutePredicateFactory [Header]
13:39:25:407  INFO 3100 --- [main] o.s.c.g.r.RouteDefinitionRouteLocator    : Loaded RoutePredicateFactory [Host]
13:39:25:407  INFO 3100 --- [main] o.s.c.g.r.RouteDefinitionRouteLocator    : Loaded RoutePredicateFactory [Method]
13:39:25:407  INFO 3100 --- [main] o.s.c.g.r.RouteDefinitionRouteLocator    : Loaded RoutePredicateFactory [Path]
13:39:25:407  INFO 3100 --- [main] o.s.c.g.r.RouteDefinitionRouteLocator    : Loaded RoutePredicateFactory [Query]
13:39:25:407  INFO 3100 --- [main] o.s.c.g.r.RouteDefinitionRouteLocator    : Loaded RoutePredicateFactory [ReadBody]
13:39:25:407  INFO 3100 --- [main] o.s.c.g.r.RouteDefinitionRouteLocator    : Loaded RoutePredicateFactory [RemoteAddr]
13:39:25:407  INFO 3100 --- [main] o.s.c.g.r.RouteDefinitionRouteLocator    : Loaded RoutePredicateFactory [XForwardedRemoteAddr]
13:39:25:407  INFO 3100 --- [main] o.s.c.g.r.RouteDefinitionRouteLocator    : Loaded RoutePredicateFactory [Weight]
13:39:25:407  INFO 3100 --- [main] o.s.c.g.r.RouteDefinitionRouteLocator    : Loaded RoutePredicateFactory [CloudFoundryRouteService]
13:39:26:816  INFO 3100 --- [main] o.s.cloud.commons.util.InetUtils         : Cannot determine local hostname
13:39:26:979  INFO 3100 --- [main] com.alibaba.nacos.common.remote.client   : [RpcClientFactory] create a new rpc client of b3bc2a44-1e68-433d-9f70-9aaa78c247e1
13:39:26:981  INFO 3100 --- [main] com.alibaba.nacos.common.remote.client   : [b3bc2a44-1e68-433d-9f70-9aaa78c247e1] RpcClient init label, labels = {module=naming, source=sdk}
13:39:26:982  INFO 3100 --- [main] com.alibaba.nacos.common.remote.client   : [b3bc2a44-1e68-433d-9f70-9aaa78c247e1] RpcClient init, ServerListFactory = com.alibaba.nacos.client.naming.core.ServerListManager
13:39:26:982  INFO 3100 --- [main] com.alibaba.nacos.common.remote.client   : [b3bc2a44-1e68-433d-9f70-9aaa78c247e1] Registry connection listener to current client:com.alibaba.nacos.client.naming.remote.gprc.redo.NamingGrpcRedoService
13:39:26:983  INFO 3100 --- [main] com.alibaba.nacos.common.remote.client   : [b3bc2a44-1e68-433d-9f70-9aaa78c247e1] Register server push request handler:com.alibaba.nacos.client.naming.remote.gprc.NamingPushRequestHandler
13:39:26:983  INFO 3100 --- [main] com.alibaba.nacos.common.remote.client   : [b3bc2a44-1e68-433d-9f70-9aaa78c247e1] Try to connect to server on start up, server: {serverIp = '192.168.43.143', server main port = 8848}
13:39:27:122  INFO 3100 --- [main] com.alibaba.nacos.common.remote.client   : [b3bc2a44-1e68-433d-9f70-9aaa78c247e1] Success to connect to server [192.168.43.143:8848] on start up, connectionId = 1761284368953_192.168.43.144_39380
13:39:27:122  INFO 3100 --- [main] com.alibaba.nacos.common.remote.client   : [b3bc2a44-1e68-433d-9f70-9aaa78c247e1] Register server push request handler:com.alibaba.nacos.common.remote.client.RpcClient$ConnectResetRequestHandler
13:39:27:122  INFO 3100 --- [main] com.alibaba.nacos.common.remote.client   : [b3bc2a44-1e68-433d-9f70-9aaa78c247e1] Register server push request handler:com.alibaba.nacos.common.remote.client.RpcClient$$Lambda$450/0x0000000840385040
13:39:27:122  INFO 3100 --- [com.alibaba.nacos.client.remote.worker] com.alibaba.nacos.common.remote.client   : [b3bc2a44-1e68-433d-9f70-9aaa78c247e1] Notify connected event to listeners.
13:39:27:495  INFO 3100 --- [main] o.s.b.web.embedded.netty.NettyWebServer  : Netty started on port 8080
13:39:27:726  INFO 3100 --- [nacos-grpc-client-executor-5] com.alibaba.nacos.common.remote.client   : [b3bc2a44-1e68-433d-9f70-9aaa78c247e1] Receive server push request, request = NotifySubscriberRequest, requestId = 11
13:39:27:741  INFO 3100 --- [nacos-grpc-client-executor-5] com.alibaba.nacos.common.remote.client   : [b3bc2a44-1e68-433d-9f70-9aaa78c247e1] Ack server push request, request = NotifySubscriberRequest, requestId = 11
13:39:28:815  INFO 3100 --- [main] o.s.cloud.commons.util.InetUtils         : Cannot determine local hostname
13:39:30:065  INFO 3100 --- [main] o.s.cloud.commons.util.InetUtils         : Cannot determine local hostname
13:39:30:076  INFO 3100 --- [main] c.a.c.n.registry.NacosServiceRegistry    : nacos registry, DEFAULT_GROUP gateway 192.168.113.1:8080 register finished
13:39:30:100  INFO 3100 --- [main] com.hmall.gateway.GatewayApplication     : Started GatewayApplication in 17.231 seconds (JVM running for 19.752)
13:39:30:105  INFO 3100 --- [main] c.a.c.n.refresh.NacosContextRefresher    : [Nacos Config] Listening config: dataId=gateway.yaml, group=DEFAULT_GROUP
13:39:30:106  INFO 3100 --- [main] c.a.c.n.refresh.NacosContextRefresher    : [Nacos Config] Listening config: dataId=gateway, group=DEFAULT_GROUP
13:39:30:107  INFO 3100 --- [main] c.a.c.n.refresh.NacosContextRefresher    : [Nacos Config] Listening config: dataId=gateway-local.yaml, group=DEFAULT_GROUP
13:39:30:654  INFO 3100 --- [nacos-grpc-client-executor-10] com.alibaba.nacos.common.remote.client   : [b3bc2a44-1e68-433d-9f70-9aaa78c247e1] Receive server push request, request = NotifySubscriberRequest, requestId = 12
13:39:30:668  INFO 3100 --- [nacos-grpc-client-executor-10] com.alibaba.nacos.common.remote.client   : [b3bc2a44-1e68-433d-9f70-9aaa78c247e1] Ack server push request, request = NotifySubscriberRequest, requestId = 12
14:13:13:026  WARN 3100 --- [Thread-1] c.a.n.common.http.HttpClientBeanHolder   : [HttpClientBeanHolder] Start destroying common HttpClient
14:13:13:026  WARN 3100 --- [Thread-5] c.a.nacos.common.notify.NotifyCenter     : [NotifyCenter] Start destroying Publisher
14:13:13:028  WARN 3100 --- [Thread-5] c.a.nacos.common.notify.NotifyCenter     : [NotifyCenter] Destruction of the end
14:13:13:030  WARN 3100 --- [Thread-1] c.a.n.common.http.HttpClientBeanHolder   : [HttpClientBeanHolder] Destruction of the end
14:13:13:066  INFO 3100 --- [SpringApplicationShutdownHook] c.a.c.n.registry.NacosServiceRegistry    : De-registering from Nacos Server now...
14:13:13:072  INFO 3100 --- [SpringApplicationShutdownHook] c.a.c.n.registry.NacosServiceRegistry    : De-registration finished.
14:13:13:409  INFO 3100 --- [SpringApplicationShutdownHook] com.alibaba.nacos.common.remote.client   : Shutdown rpc client, set status to shutdown
14:13:13:410  INFO 3100 --- [SpringApplicationShutdownHook] com.alibaba.nacos.common.remote.client   : Shutdown client event executor java.util.concurrent.ScheduledThreadPoolExecutor@3fa6d3d1[Running, pool size = 2, active threads = 2, queued tasks = 0, completed tasks = 0]
14:13:13:410  INFO 3100 --- [SpringApplicationShutdownHook] com.alibaba.nacos.common.remote.client   : Close current connection 1761284368953_192.168.43.144_39380
14:13:13:417  INFO 3100 --- [nacos-grpc-client-executor-426] c.a.n.c.remote.client.grpc.GrpcClient    : [1761284368953_192.168.43.144_39380]Ignore complete event,isRunning:false,isAbandon=false
14:13:13:424  INFO 3100 --- [SpringApplicationShutdownHook] c.a.n.c.remote.client.grpc.GrpcClient    : Shutdown grpc executor java.util.concurrent.ThreadPoolExecutor@71c09ecc[Running, pool size = 5, active threads = 0, queued tasks = 0, completed tasks = 427]
16:54:22:823  INFO 32348 --- [main] com.hmall.gateway.GatewayApplication     : The following 1 profile is active: "local"
16:54:23:562  INFO 32348 --- [main] o.s.cloud.context.scope.GenericScope     : BeanFactory id=d1d0a184-7ed6-315a-9788-ea61111f508b
16:54:23:634  INFO 32348 --- [main] trationDelegate$BeanPostProcessorChecker : Bean 'org.springframework.cloud.client.loadbalancer.reactive.LoadBalancerBeanPostProcessorAutoConfiguration' of type [org.springframework.cloud.client.loadbalancer.reactive.LoadBalancerBeanPostProcessorAutoConfiguration] is not eligible for getting processed by all BeanPostProcessors (for example: not eligible for auto-proxying)
16:54:23:637  INFO 32348 --- [main] trationDelegate$BeanPostProcessorChecker : Bean 'org.springframework.cloud.client.loadbalancer.reactive.LoadBalancerBeanPostProcessorAutoConfiguration$ReactorDeferringLoadBalancerFilterConfig' of type [org.springframework.cloud.client.loadbalancer.reactive.LoadBalancerBeanPostProcessorAutoConfiguration$ReactorDeferringLoadBalancerFilterConfig] is not eligible for getting processed by all BeanPostProcessors (for example: not eligible for auto-proxying)
16:54:23:639  INFO 32348 --- [main] trationDelegate$BeanPostProcessorChecker : Bean 'reactorDeferringLoadBalancerExchangeFilterFunction' of type [org.springframework.cloud.client.loadbalancer.reactive.DeferringLoadBalancerExchangeFilterFunction] is not eligible for getting processed by all BeanPostProcessors (for example: not eligible for auto-proxying)
16:54:24:579  INFO 32348 --- [main] c.h.gateway.routers.DynamicRouteLoader   : 监听到路由配置信息:[
    {
        "id": "item",
        "predicates": [{
            "name": "Path",
            "args": {"_genkey_0":"/items/**", "_genkey_1":"/search/**"}
        }],
        "filters": [],
        "uri": "lb://item-service"
    },
    {
        "id": "cart",
        "predicates": [{
            "name": "Path",
            "args": {"_genkey_0":"/carts/**"}
        }],
        "filters": [],
        "uri": "lb://cart-service"
    },
    {
        "id": "user",
        "predicates": [{
            "name": "Path",
            "args": {"_genkey_0":"/users/**", "_genkey_1":"/addresses/**"}
        }],
        "filters": [],
        "uri": "lb://user-service"
    },
    {
        "id": "trade",
        "predicates": [{
            "name": "Path",
            "args": {"_genkey_0":"/orders/**"}
        }],
        "filters": [],
        "uri": "lb://trade-service"
    },
    {
        "id": "pay",
        "predicates": [{
            "name": "Path",
            "args": {"_genkey_0":"/pay-orders/**"}
        }],
        "filters": [],
        "uri": "lb://pay-service"
    }
]
16:54:26:433  INFO 32348 --- [main] o.s.cloud.commons.util.InetUtils         : Cannot determine local hostname
16:54:28:021  INFO 32348 --- [main] o.s.cloud.commons.util.InetUtils         : Cannot determine local hostname
16:54:28:319  INFO 32348 --- [main] o.s.c.g.r.RouteDefinitionRouteLocator    : Loaded RoutePredicateFactory [After]
16:54:28:319  INFO 32348 --- [main] o.s.c.g.r.RouteDefinitionRouteLocator    : Loaded RoutePredicateFactory [Before]
16:54:28:319  INFO 32348 --- [main] o.s.c.g.r.RouteDefinitionRouteLocator    : Loaded RoutePredicateFactory [Between]
16:54:28:319  INFO 32348 --- [main] o.s.c.g.r.RouteDefinitionRouteLocator    : Loaded RoutePredicateFactory [Cookie]
16:54:28:319  INFO 32348 --- [main] o.s.c.g.r.RouteDefinitionRouteLocator    : Loaded RoutePredicateFactory [Header]
16:54:28:319  INFO 32348 --- [main] o.s.c.g.r.RouteDefinitionRouteLocator    : Loaded RoutePredicateFactory [Host]
16:54:28:319  INFO 32348 --- [main] o.s.c.g.r.RouteDefinitionRouteLocator    : Loaded RoutePredicateFactory [Method]
16:54:28:319  INFO 32348 --- [main] o.s.c.g.r.RouteDefinitionRouteLocator    : Loaded RoutePredicateFactory [Path]
16:54:28:320  INFO 32348 --- [main] o.s.c.g.r.RouteDefinitionRouteLocator    : Loaded RoutePredicateFactory [Query]
16:54:28:320  INFO 32348 --- [main] o.s.c.g.r.RouteDefinitionRouteLocator    : Loaded RoutePredicateFactory [ReadBody]
16:54:28:320  INFO 32348 --- [main] o.s.c.g.r.RouteDefinitionRouteLocator    : Loaded RoutePredicateFactory [RemoteAddr]
16:54:28:320  INFO 32348 --- [main] o.s.c.g.r.RouteDefinitionRouteLocator    : Loaded RoutePredicateFactory [XForwardedRemoteAddr]
16:54:28:320  INFO 32348 --- [main] o.s.c.g.r.RouteDefinitionRouteLocator    : Loaded RoutePredicateFactory [Weight]
16:54:28:320  INFO 32348 --- [main] o.s.c.g.r.RouteDefinitionRouteLocator    : Loaded RoutePredicateFactory [CloudFoundryRouteService]
16:54:29:952  INFO 32348 --- [main] o.s.cloud.commons.util.InetUtils         : Cannot determine local hostname
16:54:30:187  INFO 32348 --- [main] com.alibaba.nacos.common.remote.client   : [RpcClientFactory] create a new rpc client of 17b89620-5796-42c5-9a32-72a1f98abf71
16:54:30:187  INFO 32348 --- [main] com.alibaba.nacos.common.remote.client   : [17b89620-5796-42c5-9a32-72a1f98abf71] RpcClient init label, labels = {module=naming, source=sdk}
16:54:30:190  INFO 32348 --- [main] com.alibaba.nacos.common.remote.client   : [17b89620-5796-42c5-9a32-72a1f98abf71] RpcClient init, ServerListFactory = com.alibaba.nacos.client.naming.core.ServerListManager
16:54:30:191  INFO 32348 --- [main] com.alibaba.nacos.common.remote.client   : [17b89620-5796-42c5-9a32-72a1f98abf71] Registry connection listener to current client:com.alibaba.nacos.client.naming.remote.gprc.redo.NamingGrpcRedoService
16:54:30:191  INFO 32348 --- [main] com.alibaba.nacos.common.remote.client   : [17b89620-5796-42c5-9a32-72a1f98abf71] Register server push request handler:com.alibaba.nacos.client.naming.remote.gprc.NamingPushRequestHandler
16:54:30:192  INFO 32348 --- [main] com.alibaba.nacos.common.remote.client   : [17b89620-5796-42c5-9a32-72a1f98abf71] Try to connect to server on start up, server: {serverIp = '192.168.43.143', server main port = 8848}
16:54:30:336  INFO 32348 --- [main] com.alibaba.nacos.common.remote.client   : [17b89620-5796-42c5-9a32-72a1f98abf71] Success to connect to server [192.168.43.143:8848] on start up, connectionId = 1761296072342_192.168.43.144_62434
16:54:30:336  INFO 32348 --- [main] com.alibaba.nacos.common.remote.client   : [17b89620-5796-42c5-9a32-72a1f98abf71] Register server push request handler:com.alibaba.nacos.common.remote.client.RpcClient$ConnectResetRequestHandler
16:54:30:336  INFO 32348 --- [main] com.alibaba.nacos.common.remote.client   : [17b89620-5796-42c5-9a32-72a1f98abf71] Register server push request handler:com.alibaba.nacos.common.remote.client.RpcClient$$Lambda$450/0x0000000840385040
16:54:30:336  INFO 32348 --- [com.alibaba.nacos.client.remote.worker] com.alibaba.nacos.common.remote.client   : [17b89620-5796-42c5-9a32-72a1f98abf71] Notify connected event to listeners.
16:54:30:829  INFO 32348 --- [main] o.s.b.web.embedded.netty.NettyWebServer  : Netty started on port 8080
16:54:30:914  INFO 32348 --- [nacos-grpc-client-executor-5] com.alibaba.nacos.common.remote.client   : [17b89620-5796-42c5-9a32-72a1f98abf71] Receive server push request, request = NotifySubscriberRequest, requestId = 3
16:54:30:929  INFO 32348 --- [nacos-grpc-client-executor-5] com.alibaba.nacos.common.remote.client   : [17b89620-5796-42c5-9a32-72a1f98abf71] Ack server push request, request = NotifySubscriberRequest, requestId = 3
16:54:32:356  INFO 32348 --- [main] o.s.cloud.commons.util.InetUtils         : Cannot determine local hostname
16:54:33:811  INFO 32348 --- [main] o.s.cloud.commons.util.InetUtils         : Cannot determine local hostname
16:54:33:827  INFO 32348 --- [main] c.a.c.n.registry.NacosServiceRegistry    : nacos registry, DEFAULT_GROUP gateway 192.168.113.1:8080 register finished
16:54:33:851  INFO 32348 --- [main] com.hmall.gateway.GatewayApplication     : Started GatewayApplication in 17.027 seconds (JVM running for 23.383)
16:54:33:855  INFO 32348 --- [main] c.a.c.n.refresh.NacosContextRefresher    : [Nacos Config] Listening config: dataId=gateway.yaml, group=DEFAULT_GROUP
16:54:33:857  INFO 32348 --- [main] c.a.c.n.refresh.NacosContextRefresher    : [Nacos Config] Listening config: dataId=gateway, group=DEFAULT_GROUP
16:54:33:858  INFO 32348 --- [main] c.a.c.n.refresh.NacosContextRefresher    : [Nacos Config] Listening config: dataId=gateway-local.yaml, group=DEFAULT_GROUP
16:54:34:414  INFO 32348 --- [nacos-grpc-client-executor-10] com.alibaba.nacos.common.remote.client   : [17b89620-5796-42c5-9a32-72a1f98abf71] Receive server push request, request = NotifySubscriberRequest, requestId = 7
16:54:34:432  INFO 32348 --- [nacos-grpc-client-executor-10] com.alibaba.nacos.common.remote.client   : [17b89620-5796-42c5-9a32-72a1f98abf71] Ack server push request, request = NotifySubscriberRequest, requestId = 7
16:54:39:850  WARN 32348 --- [boundedElastic-1] o.s.c.l.core.RoundRobinLoadBalancer      : No servers available for service: item-service
16:54:40:331  INFO 32348 --- [nacos-grpc-client-executor-15] com.alibaba.nacos.common.remote.client   : [17b89620-5796-42c5-9a32-72a1f98abf71] Receive server push request, request = NotifySubscriberRequest, requestId = 11
16:54:40:332  INFO 32348 --- [nacos-grpc-client-executor-15] com.alibaba.nacos.common.remote.client   : [17b89620-5796-42c5-9a32-72a1f98abf71] Ack server push request, request = NotifySubscriberRequest, requestId = 11
16:54:41:747  INFO 32348 --- [nacos-grpc-client-executor-17] com.alibaba.nacos.common.remote.client   : [17b89620-5796-42c5-9a32-72a1f98abf71] Receive server push request, request = NotifySubscriberRequest, requestId = 13
16:54:41:753  INFO 32348 --- [nacos-grpc-client-executor-17] com.alibaba.nacos.common.remote.client   : [17b89620-5796-42c5-9a32-72a1f98abf71] Ack server push request, request = NotifySubscriberRequest, requestId = 13
16:54:50:060  INFO 32348 --- [nacos-grpc-client-executor-19] com.alibaba.nacos.common.remote.client   : [17b89620-5796-42c5-9a32-72a1f98abf71] Receive server push request, request = NotifySubscriberRequest, requestId = 15
16:54:50:060  INFO 32348 --- [nacos-grpc-client-executor-19] com.alibaba.nacos.common.remote.client   : [17b89620-5796-42c5-9a32-72a1f98abf71] Ack server push request, request = NotifySubscriberRequest, requestId = 15
16:55:00:291  INFO 32348 --- [nacos-grpc-client-executor-23] com.alibaba.nacos.common.remote.client   : [17b89620-5796-42c5-9a32-72a1f98abf71] Receive server push request, request = NotifySubscriberRequest, requestId = 16
16:55:00:291  INFO 32348 --- [nacos-grpc-client-executor-23] com.alibaba.nacos.common.remote.client   : [17b89620-5796-42c5-9a32-72a1f98abf71] Ack server push request, request = NotifySubscriberRequest, requestId = 16
17:05:12:793  WARN 32348 --- [Thread-5] c.a.nacos.common.notify.NotifyCenter     : [NotifyCenter] Start destroying Publisher
17:05:12:793  WARN 32348 --- [Thread-1] c.a.n.common.http.HttpClientBeanHolder   : [HttpClientBeanHolder] Start destroying common HttpClient
17:05:12:794  WARN 32348 --- [Thread-5] c.a.nacos.common.notify.NotifyCenter     : [NotifyCenter] Destruction of the end
17:05:12:796  WARN 32348 --- [Thread-1] c.a.n.common.http.HttpClientBeanHolder   : [HttpClientBeanHolder] Destruction of the end
17:05:12:826  INFO 32348 --- [SpringApplicationShutdownHook] c.a.c.n.registry.NacosServiceRegistry    : De-registering from Nacos Server now...
17:05:12:834  INFO 32348 --- [SpringApplicationShutdownHook] c.a.c.n.registry.NacosServiceRegistry    : De-registration finished.
17:05:13:157  INFO 32348 --- [SpringApplicationShutdownHook] com.alibaba.nacos.common.remote.client   : Shutdown rpc client, set status to shutdown
17:05:13:157  INFO 32348 --- [SpringApplicationShutdownHook] com.alibaba.nacos.common.remote.client   : Shutdown client event executor java.util.concurrent.ScheduledThreadPoolExecutor@1bb45402[Running, pool size = 2, active threads = 2, queued tasks = 0, completed tasks = 0]
17:05:13:157  INFO 32348 --- [SpringApplicationShutdownHook] com.alibaba.nacos.common.remote.client   : Close current connection 1761296072342_192.168.43.144_62434
17:05:13:160  INFO 32348 --- [nacos-grpc-client-executor-153] c.a.n.c.remote.client.grpc.GrpcClient    : [1761296072342_192.168.43.144_62434]Ignore complete event,isRunning:false,isAbandon=false
17:05:13:163  INFO 32348 --- [SpringApplicationShutdownHook] c.a.n.c.remote.client.grpc.GrpcClient    : Shutdown grpc executor java.util.concurrent.ThreadPoolExecutor@5bccf168[Running, pool size = 5, active threads = 0, queued tasks = 0, completed tasks = 154]
