13:47:12:392  INFO 25416 --- [main] com.hmall.cart.CartApplication           : The following 1 profile is active: "local"
13:47:13:481  INFO 25416 --- [main] .s.d.r.c.RepositoryConfigurationDelegate : Multiple Spring Data modules found, entering strict repository configuration mode
13:47:13:484  INFO 25416 --- [main] .s.d.r.c.RepositoryConfigurationDelegate : Bootstrapping Spring Data Redis repositories in DEFAULT mode.
13:47:13:516  INFO 25416 --- [main] .s.d.r.c.RepositoryConfigurationDelegate : Finished Spring Data repository scanning in 8 ms. Found 0 Redis repository interfaces.
13:47:13:788  INFO 25416 --- [main] o.s.cloud.context.scope.GenericScope     : BeanFactory id=865a583d-624f-31d5-925c-ed75f8fd63f2
13:47:14:275  INFO 25416 --- [main] o.s.b.w.embedded.tomcat.TomcatWebServer  : Tomcat initialized with port(s): 8082 (http)
13:47:14:290  INFO 25416 --- [main] o.apache.catalina.core.StandardService   : Starting service [Tomcat]
13:47:14:290  INFO 25416 --- [main] org.apache.catalina.core.StandardEngine  : Starting Servlet engine: [Apache Tomcat/9.0.75]
13:47:14:591  INFO 25416 --- [main] o.a.c.c.C.[Tomcat].[localhost].[/]       : Initializing Spring embedded WebApplicationContext
13:47:14:591  INFO 25416 --- [main] w.s.c.ServletWebServerApplicationContext : Root WebApplicationContext: initialization completed in 2171 ms
13:47:14:915  INFO 25416 --- [main] o.s.c.openfeign.FeignClientFactoryBean   : For 'item-service' URL not provided. Will try picking an instance via load-balancing.
13:47:18:229  INFO 25416 --- [main] o.s.cloud.commons.util.InetUtils         : Cannot determine local hostname
13:47:18:263  INFO 25416 --- [main] pertySourcedRequestMappingHandlerMapping : Mapped URL path [/v2/api-docs] onto method [springfox.documentation.swagger2.web.Swagger2ControllerWebMvc#getDocumentation(String, HttpServletRequest)]
13:47:20:002  INFO 25416 --- [main] o.s.cloud.commons.util.InetUtils         : Cannot determine local hostname
13:47:20:164  INFO 25416 --- [main] com.alibaba.nacos.common.remote.client   : [RpcClientFactory] create a new rpc client of 7d87544c-118d-4b7b-a215-7d7f9b9c74c5
13:47:20:164  INFO 25416 --- [main] com.alibaba.nacos.common.remote.client   : [7d87544c-118d-4b7b-a215-7d7f9b9c74c5] RpcClient init label, labels = {module=naming, source=sdk}
13:47:20:168  INFO 25416 --- [main] com.alibaba.nacos.common.remote.client   : [7d87544c-118d-4b7b-a215-7d7f9b9c74c5] RpcClient init, ServerListFactory = com.alibaba.nacos.client.naming.core.ServerListManager
13:47:20:168  INFO 25416 --- [main] com.alibaba.nacos.common.remote.client   : [7d87544c-118d-4b7b-a215-7d7f9b9c74c5] Registry connection listener to current client:com.alibaba.nacos.client.naming.remote.gprc.redo.NamingGrpcRedoService
13:47:20:168  INFO 25416 --- [main] com.alibaba.nacos.common.remote.client   : [7d87544c-118d-4b7b-a215-7d7f9b9c74c5] Register server push request handler:com.alibaba.nacos.client.naming.remote.gprc.NamingPushRequestHandler
13:47:20:169  INFO 25416 --- [main] com.alibaba.nacos.common.remote.client   : [7d87544c-118d-4b7b-a215-7d7f9b9c74c5] Try to connect to server on start up, server: {serverIp = '192.168.43.143', server main port = 8848}
13:47:20:299  INFO 25416 --- [main] com.alibaba.nacos.common.remote.client   : [7d87544c-118d-4b7b-a215-7d7f9b9c74c5] Success to connect to server [192.168.43.143:8848] on start up, connectionId = 1760334440546_192.168.43.144_1375
13:47:20:299  INFO 25416 --- [main] com.alibaba.nacos.common.remote.client   : [7d87544c-118d-4b7b-a215-7d7f9b9c74c5] Register server push request handler:com.alibaba.nacos.common.remote.client.RpcClient$ConnectResetRequestHandler
13:47:20:299  INFO 25416 --- [com.alibaba.nacos.client.remote.worker] com.alibaba.nacos.common.remote.client   : [7d87544c-118d-4b7b-a215-7d7f9b9c74c5] Notify connected event to listeners.
13:47:20:299  INFO 25416 --- [main] com.alibaba.nacos.common.remote.client   : [7d87544c-118d-4b7b-a215-7d7f9b9c74c5] Register server push request handler:com.alibaba.nacos.common.remote.client.RpcClient$$Lambda$472/0x0000000840393040
13:47:20:378  INFO 25416 --- [main] o.s.b.w.embedded.tomcat.TomcatWebServer  : Tomcat started on port(s): 8082 (http) with context path ''
13:47:20:389  INFO 25416 --- [main] c.a.c.n.registry.NacosServiceRegistry    : nacos registry, DEFAULT_GROUP cart-service 192.168.113.1:8082 register finished
13:47:20:831  INFO 25416 --- [nacos-grpc-client-executor-5] com.alibaba.nacos.common.remote.client   : [7d87544c-118d-4b7b-a215-7d7f9b9c74c5] Receive server push request, request = NotifySubscriberRequest, requestId = 568
13:47:20:853  INFO 25416 --- [nacos-grpc-client-executor-5] com.alibaba.nacos.common.remote.client   : [7d87544c-118d-4b7b-a215-7d7f9b9c74c5] Ack server push request, request = NotifySubscriberRequest, requestId = 568
13:47:21:760  INFO 25416 --- [main] o.s.cloud.commons.util.InetUtils         : Cannot determine local hostname
13:47:21:762  INFO 25416 --- [main] d.s.w.p.DocumentationPluginsBootstrapper : Documentation plugins bootstrapped
13:47:21:768  INFO 25416 --- [main] d.s.w.p.DocumentationPluginsBootstrapper : Found 1 custom documentation plugin(s)
13:47:21:816  INFO 25416 --- [main] s.d.s.w.s.ApiListingReferenceScanner     : Scanning for api listing references
13:47:21:921  INFO 25416 --- [main] com.hmall.cart.CartApplication           : Started CartApplication in 15.907 seconds (JVM running for 17.323)
13:47:21:927  INFO 25416 --- [main] c.a.c.n.refresh.NacosContextRefresher    : [Nacos Config] Listening config: dataId=cart-service, group=DEFAULT_GROUP
13:47:21:945  INFO 25416 --- [main] c.a.c.n.refresh.NacosContextRefresher    : [Nacos Config] Listening config: dataId=cart-service.yaml, group=DEFAULT_GROUP
13:47:21:946  INFO 25416 --- [main] c.a.c.n.refresh.NacosContextRefresher    : [Nacos Config] Listening config: dataId=cart-service-local.yaml, group=DEFAULT_GROUP
13:48:43:265  INFO 25416 --- [http-nio-8082-exec-1] o.a.c.c.C.[Tomcat].[localhost].[/]       : Initializing Spring DispatcherServlet 'dispatcherServlet'
13:48:43:265  INFO 25416 --- [http-nio-8082-exec-1] o.s.web.servlet.DispatcherServlet        : Initializing Servlet 'dispatcherServlet'
13:48:43:271  INFO 25416 --- [http-nio-8082-exec-1] o.s.web.servlet.DispatcherServlet        : Completed initialization in 6 ms
13:48:43:653  INFO 25416 --- [http-nio-8082-exec-1] com.zaxxer.hikari.HikariDataSource       : HikariPool-1 - Starting...
13:48:44:482  INFO 25416 --- [http-nio-8082-exec-1] com.zaxxer.hikari.HikariDataSource       : HikariPool-1 - Start completed.
13:48:44:504 DEBUG 25416 --- [http-nio-8082-exec-1] c.h.cart.mapper.CartMapper.selectList    : ==>  Preparing: SELECT id,user_id,item_id,num,name,spec,price,image,create_time,update_time FROM cart WHERE (user_id = ?)
13:48:44:568 DEBUG 25416 --- [http-nio-8082-exec-1] c.h.cart.mapper.CartMapper.selectList    : ==> Parameters: 1(Long)
13:48:44:656 DEBUG 25416 --- [http-nio-8082-exec-1] c.h.cart.mapper.CartMapper.selectList    : <==      Total: 2
13:48:45:770  INFO 25416 --- [nacos-grpc-client-executor-24] com.alibaba.nacos.common.remote.client   : [7d87544c-118d-4b7b-a215-7d7f9b9c74c5] Receive server push request, request = NotifySubscriberRequest, requestId = 574
13:48:45:772  INFO 25416 --- [nacos-grpc-client-executor-24] com.alibaba.nacos.common.remote.client   : [7d87544c-118d-4b7b-a215-7d7f9b9c74c5] Ack server push request, request = NotifySubscriberRequest, requestId = 574
13:48:54:385 DEBUG 25416 --- [http-nio-8082-exec-2] c.h.cart.mapper.CartMapper.selectList    : ==>  Preparing: SELECT id,user_id,item_id,num,name,spec,price,image,create_time,update_time FROM cart WHERE (user_id = ?)
13:48:54:385 DEBUG 25416 --- [http-nio-8082-exec-2] c.h.cart.mapper.CartMapper.selectList    : ==> Parameters: 1(Long)
13:48:54:395 DEBUG 25416 --- [http-nio-8082-exec-2] c.h.cart.mapper.CartMapper.selectList    : <==      Total: 2
13:48:57:139 DEBUG 25416 --- [http-nio-8082-exec-8] c.h.cart.mapper.CartMapper.selectList    : ==>  Preparing: SELECT id,user_id,item_id,num,name,spec,price,image,create_time,update_time FROM cart WHERE (user_id = ?)
13:48:57:139 DEBUG 25416 --- [http-nio-8082-exec-8] c.h.cart.mapper.CartMapper.selectList    : ==> Parameters: 1(Long)
13:48:57:146 DEBUG 25416 --- [http-nio-8082-exec-8] c.h.cart.mapper.CartMapper.selectList    : <==      Total: 2
13:48:58:013 DEBUG 25416 --- [http-nio-8082-exec-4] c.h.cart.mapper.CartMapper.selectList    : ==>  Preparing: SELECT id,user_id,item_id,num,name,spec,price,image,create_time,update_time FROM cart WHERE (user_id = ?)
13:48:58:013 DEBUG 25416 --- [http-nio-8082-exec-4] c.h.cart.mapper.CartMapper.selectList    : ==> Parameters: 1(Long)
13:48:58:024 DEBUG 25416 --- [http-nio-8082-exec-4] c.h.cart.mapper.CartMapper.selectList    : <==      Total: 2
13:49:02:356 DEBUG 25416 --- [http-nio-8082-exec-5] c.h.cart.mapper.CartMapper.selectCount   : ==>  Preparing: SELECT COUNT( * ) FROM cart WHERE (user_id = ? AND item_id = ?)
13:49:02:356 DEBUG 25416 --- [http-nio-8082-exec-5] c.h.cart.mapper.CartMapper.selectCount   : ==> Parameters: 1(Long), 8533120(Long)
13:49:02:361 DEBUG 25416 --- [http-nio-8082-exec-5] c.h.cart.mapper.CartMapper.selectCount   : <==      Total: 1
13:49:02:371 DEBUG 25416 --- [http-nio-8082-exec-5] c.h.cart.mapper.CartMapper.selectCount   : ==>  Preparing: SELECT COUNT( * ) FROM cart WHERE (user_id = ?)
13:49:02:372 DEBUG 25416 --- [http-nio-8082-exec-5] c.h.cart.mapper.CartMapper.selectCount   : ==> Parameters: 1(Long)
13:49:02:377 DEBUG 25416 --- [http-nio-8082-exec-5] c.h.cart.mapper.CartMapper.selectCount   : <==      Total: 1
13:49:02:389 DEBUG 25416 --- [http-nio-8082-exec-5] com.hmall.cart.mapper.CartMapper.insert  : ==>  Preparing: INSERT INTO cart ( user_id, item_id, name, spec, price, image ) VALUES ( ?, ?, ?, ?, ?, ? )
13:49:02:392 DEBUG 25416 --- [http-nio-8082-exec-5] com.hmall.cart.mapper.CartMapper.insert  : ==> Parameters: 1(Long), 8533120(Long), 海尔 （Haier ）LQ65H31 65英寸 4K曲面人工智能全面屏超高清LED液晶电视(String), {}(String), 379500(Integer), https://m.360buyimg.com/mobilecms/s720x720_jfs/t1/2851/14/13998/101463/5bd9723cE81b2c299/1bfdf2d1628648e4.jpg!q70.jpg.webp(String)
13:49:02:407 DEBUG 25416 --- [http-nio-8082-exec-5] com.hmall.cart.mapper.CartMapper.insert  : <==    Updates: 1
13:49:02:671 DEBUG 25416 --- [http-nio-8082-exec-6] c.h.cart.mapper.CartMapper.selectList    : ==>  Preparing: SELECT id,user_id,item_id,num,name,spec,price,image,create_time,update_time FROM cart WHERE (user_id = ?)
13:49:02:676 DEBUG 25416 --- [http-nio-8082-exec-6] c.h.cart.mapper.CartMapper.selectList    : ==> Parameters: 1(Long)
13:49:02:686 DEBUG 25416 --- [http-nio-8082-exec-6] c.h.cart.mapper.CartMapper.selectList    : <==      Total: 3
13:49:11:300  WARN 25416 --- [Thread-5] c.a.nacos.common.notify.NotifyCenter     : [NotifyCenter] Start destroying Publisher
13:49:11:300  WARN 25416 --- [Thread-1] c.a.n.common.http.HttpClientBeanHolder   : [HttpClientBeanHolder] Start destroying common HttpClient
13:49:11:302  WARN 25416 --- [Thread-5] c.a.nacos.common.notify.NotifyCenter     : [NotifyCenter] Destruction of the end
13:49:11:305  WARN 25416 --- [Thread-1] c.a.n.common.http.HttpClientBeanHolder   : [HttpClientBeanHolder] Destruction of the end
13:49:12:744  INFO 25416 --- [SpringApplicationShutdownHook] c.a.c.n.registry.NacosServiceRegistry    : De-registering from Nacos Server now...
13:49:12:750  INFO 25416 --- [SpringApplicationShutdownHook] c.a.c.n.registry.NacosServiceRegistry    : De-registration finished.
13:49:13:075  INFO 25416 --- [SpringApplicationShutdownHook] com.alibaba.nacos.common.remote.client   : Shutdown rpc client, set status to shutdown
13:49:13:075  INFO 25416 --- [SpringApplicationShutdownHook] com.alibaba.nacos.common.remote.client   : Shutdown client event executor java.util.concurrent.ScheduledThreadPoolExecutor@405b5482[Running, pool size = 2, active threads = 2, queued tasks = 0, completed tasks = 0]
13:49:13:075  INFO 25416 --- [SpringApplicationShutdownHook] com.alibaba.nacos.common.remote.client   : Close current connection 1760334440546_192.168.43.144_1375
13:49:13:079  INFO 25416 --- [nacos-grpc-client-executor-32] c.a.n.c.remote.client.grpc.GrpcClient    : [1760334440546_192.168.43.144_1375]Ignore complete event,isRunning:false,isAbandon=false
13:49:13:083  INFO 25416 --- [SpringApplicationShutdownHook] c.a.n.c.remote.client.grpc.GrpcClient    : Shutdown grpc executor java.util.concurrent.ThreadPoolExecutor@22bad8a3[Running, pool size = 5, active threads = 0, queued tasks = 0, completed tasks = 33]
13:49:13:090  INFO 25416 --- [SpringApplicationShutdownHook] com.zaxxer.hikari.HikariDataSource       : HikariPool-1 - Shutdown initiated...
13:49:13:132  INFO 25416 --- [SpringApplicationShutdownHook] com.zaxxer.hikari.HikariDataSource       : HikariPool-1 - Shutdown completed.
