11:29:31:570  INFO 42240 --- [main] com.hmall.trade.TradeApplication         : Starting TradeApplication using Java 11.0.28 on Allen with PID 42240 (D:\dark-horse-store\hmall\trade-service\target\classes started by 31031 in D:\dark-horse-store\hmall)
11:29:31:574 DEBUG 42240 --- [main] com.hmall.trade.TradeApplication         : Running with Spring Boot v2.7.12, Spring v5.3.27
11:29:31:575  INFO 42240 --- [main] com.hmall.trade.TradeApplication         : The following 1 profile is active: "local"
11:29:32:603  INFO 42240 --- [main] .s.d.r.c.RepositoryConfigurationDelegate : Multiple Spring Data modules found, entering strict repository configuration mode
11:29:32:605  INFO 42240 --- [main] .s.d.r.c.RepositoryConfigurationDelegate : Bootstrapping Spring Data Redis repositories in DEFAULT mode.
11:29:32:628  INFO 42240 --- [main] .s.d.r.c.RepositoryConfigurationDelegate : Finished Spring Data repository scanning in 9 ms. Found 0 Redis repository interfaces.
11:29:32:804  INFO 42240 --- [main] o.s.cloud.context.scope.GenericScope     : BeanFactory id=f62105cf-761e-3d0e-bd38-10cc8e03b6e2
11:29:33:186  INFO 42240 --- [main] o.s.b.w.embedded.tomcat.TomcatWebServer  : Tomcat initialized with port(s): 8085 (http)
11:29:33:199  INFO 42240 --- [main] o.apache.catalina.core.StandardService   : Starting service [Tomcat]
11:29:33:200  INFO 42240 --- [main] org.apache.catalina.core.StandardEngine  : Starting Servlet engine: [Apache Tomcat/9.0.75]
11:29:33:414  INFO 42240 --- [main] o.a.c.c.C.[Tomcat].[localhost].[/]       : Initializing Spring embedded WebApplicationContext
11:29:33:414  INFO 42240 --- [main] w.s.c.ServletWebServerApplicationContext : Root WebApplicationContext: initialization completed in 1805 ms
11:29:34:228  INFO 42240 --- [main] o.s.c.openfeign.FeignClientFactoryBean   : For 'cart-service' URL not provided. Will try picking an instance via load-balancing.
11:29:34:275  INFO 42240 --- [main] o.s.c.openfeign.FeignClientFactoryBean   : For 'item-service' URL not provided. Will try picking an instance via load-balancing.
11:29:35:170  INFO 42240 --- [main] pertySourcedRequestMappingHandlerMapping : Mapped URL path [/v2/api-docs] onto method [springfox.documentation.swagger2.web.Swagger2ControllerWebMvc#getDocumentation(String, HttpServletRequest)]
11:29:35:985  INFO 42240 --- [main] com.alibaba.nacos.common.remote.client   : [RpcClientFactory] create a new rpc client of 524ac272-7371-4cba-bcff-1f9ee1a34811
11:29:36:017  INFO 42240 --- [main] org.reflections.Reflections              : Reflections took 19 ms to scan 1 urls, producing 3 keys and 6 values 
11:29:36:039  INFO 42240 --- [main] org.reflections.Reflections              : Reflections took 8 ms to scan 1 urls, producing 4 keys and 9 values 
11:29:36:046  INFO 42240 --- [main] org.reflections.Reflections              : Reflections took 5 ms to scan 1 urls, producing 3 keys and 10 values 
11:29:36:049  WARN 42240 --- [main] org.reflections.Reflections              : given scan urls are empty. set urls in the configuration
11:29:36:054  INFO 42240 --- [main] org.reflections.Reflections              : Reflections took 5 ms to scan 1 urls, producing 1 keys and 5 values 
11:29:36:060  INFO 42240 --- [main] org.reflections.Reflections              : Reflections took 5 ms to scan 1 urls, producing 1 keys and 7 values 
11:29:36:067  INFO 42240 --- [main] org.reflections.Reflections              : Reflections took 5 ms to scan 1 urls, producing 2 keys and 8 values 
11:29:36:068  WARN 42240 --- [main] org.reflections.Reflections              : given scan urls are empty. set urls in the configuration
11:29:36:069  INFO 42240 --- [main] com.alibaba.nacos.common.remote.client   : [524ac272-7371-4cba-bcff-1f9ee1a34811] RpcClient init label, labels = {module=naming, source=sdk}
11:29:36:070  INFO 42240 --- [main] com.alibaba.nacos.common.remote.client   : [524ac272-7371-4cba-bcff-1f9ee1a34811] RpcClient init, ServerListFactory = com.alibaba.nacos.client.naming.core.ServerListManager
11:29:36:070  INFO 42240 --- [main] com.alibaba.nacos.common.remote.client   : [524ac272-7371-4cba-bcff-1f9ee1a34811] Registry connection listener to current client:com.alibaba.nacos.client.naming.remote.gprc.redo.NamingGrpcRedoService
11:29:36:071  INFO 42240 --- [main] com.alibaba.nacos.common.remote.client   : [524ac272-7371-4cba-bcff-1f9ee1a34811] Register server push request handler:com.alibaba.nacos.client.naming.remote.gprc.NamingPushRequestHandler
11:29:36:072  INFO 42240 --- [main] com.alibaba.nacos.common.remote.client   : [524ac272-7371-4cba-bcff-1f9ee1a34811] Try to connect to server on start up, server: {serverIp = '192.168.43.143', server main port = 8848}
11:29:37:390  INFO 42240 --- [main] com.alibaba.nacos.common.remote.client   : [524ac272-7371-4cba-bcff-1f9ee1a34811] Success to connect to server [192.168.43.143:8848] on start up, connectionId = 1760239777480_192.168.43.144_35418
11:29:37:390  INFO 42240 --- [com.alibaba.nacos.client.remote.worker] com.alibaba.nacos.common.remote.client   : [524ac272-7371-4cba-bcff-1f9ee1a34811] Notify connected event to listeners.
11:29:37:391  INFO 42240 --- [main] com.alibaba.nacos.common.remote.client   : [524ac272-7371-4cba-bcff-1f9ee1a34811] Register server push request handler:com.alibaba.nacos.common.remote.client.RpcClient$ConnectResetRequestHandler
11:29:37:392  INFO 42240 --- [main] com.alibaba.nacos.common.remote.client   : [524ac272-7371-4cba-bcff-1f9ee1a34811] Register server push request handler:com.alibaba.nacos.common.remote.client.RpcClient$$Lambda$1112/0x0000000840766840
11:29:37:448  INFO 42240 --- [main] o.s.b.w.embedded.tomcat.TomcatWebServer  : Tomcat started on port(s): 8085 (http) with context path ''
11:29:37:462  INFO 42240 --- [main] c.a.c.n.registry.NacosServiceRegistry    : nacos registry, DEFAULT_GROUP trade-service 192.168.113.1:8085 register finished
11:29:37:703  INFO 42240 --- [main] d.s.w.p.DocumentationPluginsBootstrapper : Documentation plugins bootstrapped
11:29:37:705  INFO 42240 --- [main] d.s.w.p.DocumentationPluginsBootstrapper : Found 1 custom documentation plugin(s)
11:29:37:718  INFO 42240 --- [main] s.d.s.w.s.ApiListingReferenceScanner     : Scanning for api listing references
11:29:37:774  INFO 42240 --- [main] com.hmall.trade.TradeApplication         : Started TradeApplication in 8.158 seconds (JVM running for 9.361)
11:29:37:984  INFO 42240 --- [nacos-grpc-client-executor-11] com.alibaba.nacos.common.remote.client   : [524ac272-7371-4cba-bcff-1f9ee1a34811] Receive server push request, request = NotifySubscriberRequest, requestId = 242
11:29:37:999  INFO 42240 --- [nacos-grpc-client-executor-11] com.alibaba.nacos.common.remote.client   : [524ac272-7371-4cba-bcff-1f9ee1a34811] Ack server push request, request = NotifySubscriberRequest, requestId = 242
11:33:33:468  INFO 42240 --- [http-nio-8085-exec-1] o.a.c.c.C.[Tomcat].[localhost].[/]       : Initializing Spring DispatcherServlet 'dispatcherServlet'
11:33:33:468  INFO 42240 --- [http-nio-8085-exec-1] o.s.web.servlet.DispatcherServlet        : Initializing Servlet 'dispatcherServlet'
11:33:33:468  INFO 42240 --- [http-nio-8085-exec-1] o.s.web.servlet.DispatcherServlet        : Completed initialization in 0 ms
11:33:33:499  INFO 42240 --- [http-nio-8085-exec-1] com.zaxxer.hikari.HikariDataSource       : HikariPool-1 - Starting...
11:33:33:688  INFO 42240 --- [http-nio-8085-exec-1] com.zaxxer.hikari.HikariDataSource       : HikariPool-1 - Start completed.
11:33:33:847 DEBUG 42240 --- [http-nio-8085-exec-1] c.hmall.trade.mapper.OrderMapper.insert  : ==>  Preparing: INSERT INTO `order` ( id, total_fee, payment_type, user_id, status ) VALUES ( ?, ?, ?, ?, ? )
11:33:33:874 DEBUG 42240 --- [http-nio-8085-exec-1] c.hmall.trade.mapper.OrderMapper.insert  : ==> Parameters: 1977216041472684034(Long), 71800(Integer), 3(Integer), 1(Long), 1(Integer)
11:33:33:922 DEBUG 42240 --- [http-nio-8085-exec-1] c.hmall.trade.mapper.OrderMapper.insert  : <==    Updates: 1
11:33:33:933 DEBUG 42240 --- [http-nio-8085-exec-1] c.h.t.mapper.OrderDetailMapper.insert    : ==>  Preparing: INSERT INTO order_detail ( order_id, item_id, num, name, spec, price, image ) VALUES ( ?, ?, ?, ?, ?, ?, ? )
11:33:33:933 DEBUG 42240 --- [http-nio-8085-exec-1] c.h.t.mapper.OrderDetailMapper.insert    : ==> Parameters: 1977216041472684034(Long), 2120808(Long), 1(Integer), 姬龙雪 guy laroche女包 GL经典手提包女牛皮大容量单肩包女欧美时尚包包女包GS1210001-06杏色(String), {}(String), 71800(Integer), https://m.360buyimg.com/mobilecms/s720x720_jfs/t30694/267/398774087/90954/6fc143cf/5bf25358N14dadbf7.jpg!q70.jpg.webp(String)
11:33:34:305  INFO 42240 --- [nacos-grpc-client-executor-69] com.alibaba.nacos.common.remote.client   : [524ac272-7371-4cba-bcff-1f9ee1a34811] Receive server push request, request = NotifySubscriberRequest, requestId = 249
11:33:34:306  INFO 42240 --- [nacos-grpc-client-executor-69] com.alibaba.nacos.common.remote.client   : [524ac272-7371-4cba-bcff-1f9ee1a34811] Ack server push request, request = NotifySubscriberRequest, requestId = 249
11:33:34:331 DEBUG 42240 --- [http-nio-8085-exec-3] c.h.trade.mapper.OrderMapper.selectById  : ==>  Preparing: SELECT id,total_fee,payment_type,user_id,status,create_time,pay_time,consign_time,end_time,close_time,comment_time,update_time FROM `order` WHERE id=?
11:33:34:332 DEBUG 42240 --- [http-nio-8085-exec-3] c.h.trade.mapper.OrderMapper.selectById  : ==> Parameters: 1977216041472684034(Long)
11:33:34:344 DEBUG 42240 --- [http-nio-8085-exec-3] c.h.trade.mapper.OrderMapper.selectById  : <==      Total: 1
11:33:34:504  INFO 42240 --- [nacos-grpc-client-executor-70] com.alibaba.nacos.common.remote.client   : [524ac272-7371-4cba-bcff-1f9ee1a34811] Receive server push request, request = NotifySubscriberRequest, requestId = 250
11:33:34:504  INFO 42240 --- [nacos-grpc-client-executor-70] com.alibaba.nacos.common.remote.client   : [524ac272-7371-4cba-bcff-1f9ee1a34811] Ack server push request, request = NotifySubscriberRequest, requestId = 250
11:48:57:931  WARN 42240 --- [Thread-4] c.a.nacos.common.notify.NotifyCenter     : [NotifyCenter] Start destroying Publisher
11:48:57:932  WARN 42240 --- [Thread-7] c.a.n.common.http.HttpClientBeanHolder   : [HttpClientBeanHolder] Start destroying common HttpClient
11:48:57:933  WARN 42240 --- [Thread-4] c.a.nacos.common.notify.NotifyCenter     : [NotifyCenter] Destruction of the end
11:48:57:934  WARN 42240 --- [Thread-7] c.a.n.common.http.HttpClientBeanHolder   : [HttpClientBeanHolder] Destruction of the end
11:48:58:183  INFO 42240 --- [SpringApplicationShutdownHook] c.a.c.n.registry.NacosServiceRegistry    : De-registering from Nacos Server now...
11:48:58:190  INFO 42240 --- [SpringApplicationShutdownHook] c.a.c.n.registry.NacosServiceRegistry    : De-registration finished.
11:48:58:520  INFO 42240 --- [SpringApplicationShutdownHook] com.alibaba.nacos.common.remote.client   : Shutdown rpc client, set status to shutdown
11:48:58:520  INFO 42240 --- [SpringApplicationShutdownHook] com.alibaba.nacos.common.remote.client   : Shutdown client event executor java.util.concurrent.ScheduledThreadPoolExecutor@396ca44f[Running, pool size = 2, active threads = 2, queued tasks = 0, completed tasks = 0]
11:48:58:520  INFO 42240 --- [SpringApplicationShutdownHook] com.alibaba.nacos.common.remote.client   : Close current connection 1760239777480_192.168.43.144_35418
11:48:58:522  INFO 42240 --- [nacos-grpc-client-executor-275] c.a.n.c.remote.client.grpc.GrpcClient    : [1760239777480_192.168.43.144_35418]Ignore complete event,isRunning:false,isAbandon=false
11:48:58:529  INFO 42240 --- [SpringApplicationShutdownHook] c.a.n.c.remote.client.grpc.GrpcClient    : Shutdown grpc executor java.util.concurrent.ThreadPoolExecutor@39fb0e7a[Running, pool size = 6, active threads = 0, queued tasks = 0, completed tasks = 276]
11:48:58:544  INFO 42240 --- [SpringApplicationShutdownHook] com.zaxxer.hikari.HikariDataSource       : HikariPool-1 - Shutdown initiated...
11:48:58:561  INFO 42240 --- [SpringApplicationShutdownHook] com.zaxxer.hikari.HikariDataSource       : HikariPool-1 - Shutdown completed.
11:49:07:102  INFO 21304 --- [main] com.hmall.trade.TradeApplication         : Starting TradeApplication using Java 11.0.28 on Allen with PID 21304 (D:\dark-horse-store\hmall\trade-service\target\classes started by 31031 in D:\dark-horse-store\hmall)
11:49:07:104 DEBUG 21304 --- [main] com.hmall.trade.TradeApplication         : Running with Spring Boot v2.7.12, Spring v5.3.27
11:49:07:104  INFO 21304 --- [main] com.hmall.trade.TradeApplication         : The following 1 profile is active: "local"
11:49:07:773  INFO 21304 --- [main] .s.d.r.c.RepositoryConfigurationDelegate : Multiple Spring Data modules found, entering strict repository configuration mode
11:49:07:775  INFO 21304 --- [main] .s.d.r.c.RepositoryConfigurationDelegate : Bootstrapping Spring Data Redis repositories in DEFAULT mode.
11:49:07:788  INFO 21304 --- [main] .s.d.r.c.RepositoryConfigurationDelegate : Finished Spring Data repository scanning in 5 ms. Found 0 Redis repository interfaces.
11:49:07:922  INFO 21304 --- [main] o.s.cloud.context.scope.GenericScope     : BeanFactory id=f62105cf-761e-3d0e-bd38-10cc8e03b6e2
11:49:08:166  INFO 21304 --- [main] o.s.b.w.embedded.tomcat.TomcatWebServer  : Tomcat initialized with port(s): 8085 (http)
11:49:08:172  INFO 21304 --- [main] o.apache.catalina.core.StandardService   : Starting service [Tomcat]
11:49:08:172  INFO 21304 --- [main] org.apache.catalina.core.StandardEngine  : Starting Servlet engine: [Apache Tomcat/9.0.75]
11:49:08:322  INFO 21304 --- [main] o.a.c.c.C.[Tomcat].[localhost].[/]       : Initializing Spring embedded WebApplicationContext
11:49:08:322  INFO 21304 --- [main] w.s.c.ServletWebServerApplicationContext : Root WebApplicationContext: initialization completed in 1190 ms
11:49:08:950  INFO 21304 --- [main] o.s.c.openfeign.FeignClientFactoryBean   : For 'cart-service' URL not provided. Will try picking an instance via load-balancing.
11:49:08:978  INFO 21304 --- [main] o.s.c.openfeign.FeignClientFactoryBean   : For 'item-service' URL not provided. Will try picking an instance via load-balancing.
11:49:10:515  INFO 21304 --- [main] o.s.cloud.commons.util.InetUtils         : Cannot determine local hostname
11:49:10:531  INFO 21304 --- [main] pertySourcedRequestMappingHandlerMapping : Mapped URL path [/v2/api-docs] onto method [springfox.documentation.swagger2.web.Swagger2ControllerWebMvc#getDocumentation(String, HttpServletRequest)]
11:49:11:973  INFO 21304 --- [main] o.s.cloud.commons.util.InetUtils         : Cannot determine local hostname
11:49:12:153  INFO 21304 --- [main] com.alibaba.nacos.common.remote.client   : [RpcClientFactory] create a new rpc client of 2e311bb6-94ee-4411-b1dd-dcb20562bc85
11:49:12:179  INFO 21304 --- [main] org.reflections.Reflections              : Reflections took 16 ms to scan 1 urls, producing 3 keys and 6 values 
11:49:12:194  INFO 21304 --- [main] org.reflections.Reflections              : Reflections took 5 ms to scan 1 urls, producing 4 keys and 9 values 
11:49:12:205  INFO 21304 --- [main] org.reflections.Reflections              : Reflections took 5 ms to scan 1 urls, producing 3 keys and 10 values 
11:49:12:205  WARN 21304 --- [main] org.reflections.Reflections              : given scan urls are empty. set urls in the configuration
11:49:12:223  INFO 21304 --- [main] org.reflections.Reflections              : Reflections took 13 ms to scan 1 urls, producing 1 keys and 5 values 
11:49:12:232  INFO 21304 --- [main] org.reflections.Reflections              : Reflections took 7 ms to scan 1 urls, producing 1 keys and 7 values 
11:49:12:241  INFO 21304 --- [main] org.reflections.Reflections              : Reflections took 7 ms to scan 1 urls, producing 2 keys and 8 values 
11:49:12:241  WARN 21304 --- [main] org.reflections.Reflections              : given scan urls are empty. set urls in the configuration
11:49:12:241  INFO 21304 --- [main] com.alibaba.nacos.common.remote.client   : [2e311bb6-94ee-4411-b1dd-dcb20562bc85] RpcClient init label, labels = {module=naming, source=sdk}
11:49:12:245  INFO 21304 --- [main] com.alibaba.nacos.common.remote.client   : [2e311bb6-94ee-4411-b1dd-dcb20562bc85] RpcClient init, ServerListFactory = com.alibaba.nacos.client.naming.core.ServerListManager
11:49:12:245  INFO 21304 --- [main] com.alibaba.nacos.common.remote.client   : [2e311bb6-94ee-4411-b1dd-dcb20562bc85] Registry connection listener to current client:com.alibaba.nacos.client.naming.remote.gprc.redo.NamingGrpcRedoService
11:49:12:246  INFO 21304 --- [main] com.alibaba.nacos.common.remote.client   : [2e311bb6-94ee-4411-b1dd-dcb20562bc85] Register server push request handler:com.alibaba.nacos.client.naming.remote.gprc.NamingPushRequestHandler
11:49:12:247  INFO 21304 --- [main] com.alibaba.nacos.common.remote.client   : [2e311bb6-94ee-4411-b1dd-dcb20562bc85] Try to connect to server on start up, server: {serverIp = '192.168.43.143', server main port = 8848}
11:49:13:685  INFO 21304 --- [main] com.alibaba.nacos.common.remote.client   : [2e311bb6-94ee-4411-b1dd-dcb20562bc85] Success to connect to server [192.168.43.143:8848] on start up, connectionId = 1760240953418_192.168.43.144_17550
11:49:13:687  INFO 21304 --- [main] com.alibaba.nacos.common.remote.client   : [2e311bb6-94ee-4411-b1dd-dcb20562bc85] Register server push request handler:com.alibaba.nacos.common.remote.client.RpcClient$ConnectResetRequestHandler
11:49:13:685  INFO 21304 --- [com.alibaba.nacos.client.remote.worker] com.alibaba.nacos.common.remote.client   : [2e311bb6-94ee-4411-b1dd-dcb20562bc85] Notify connected event to listeners.
11:49:13:687  INFO 21304 --- [main] com.alibaba.nacos.common.remote.client   : [2e311bb6-94ee-4411-b1dd-dcb20562bc85] Register server push request handler:com.alibaba.nacos.common.remote.client.RpcClient$$Lambda$1112/0x0000000840776840
11:49:13:754  INFO 21304 --- [main] o.s.b.w.embedded.tomcat.TomcatWebServer  : Tomcat started on port(s): 8085 (http) with context path ''
11:49:13:764  INFO 21304 --- [main] c.a.c.n.registry.NacosServiceRegistry    : nacos registry, DEFAULT_GROUP trade-service 192.168.113.1:8085 register finished
11:49:14:124  INFO 21304 --- [main] d.s.w.p.DocumentationPluginsBootstrapper : Documentation plugins bootstrapped
11:49:14:129  INFO 21304 --- [main] d.s.w.p.DocumentationPluginsBootstrapper : Found 1 custom documentation plugin(s)
11:49:14:149  INFO 21304 --- [main] s.d.s.w.s.ApiListingReferenceScanner     : Scanning for api listing references
11:49:14:215  INFO 21304 --- [nacos-grpc-client-executor-9] com.alibaba.nacos.common.remote.client   : [2e311bb6-94ee-4411-b1dd-dcb20562bc85] Receive server push request, request = NotifySubscriberRequest, requestId = 254
11:49:14:220  INFO 21304 --- [nacos-grpc-client-executor-9] com.alibaba.nacos.common.remote.client   : [2e311bb6-94ee-4411-b1dd-dcb20562bc85] Ack server push request, request = NotifySubscriberRequest, requestId = 254
11:49:14:230  INFO 21304 --- [main] com.hmall.trade.TradeApplication         : Started TradeApplication in 8.776 seconds (JVM running for 9.54)
11:49:51:746  INFO 21304 --- [http-nio-8085-exec-1] o.a.c.c.C.[Tomcat].[localhost].[/]       : Initializing Spring DispatcherServlet 'dispatcherServlet'
11:49:51:746  INFO 21304 --- [http-nio-8085-exec-1] o.s.web.servlet.DispatcherServlet        : Initializing Servlet 'dispatcherServlet'
11:49:51:746  INFO 21304 --- [http-nio-8085-exec-1] o.s.web.servlet.DispatcherServlet        : Completed initialization in 0 ms
11:49:51:786  INFO 21304 --- [http-nio-8085-exec-1] com.zaxxer.hikari.HikariDataSource       : HikariPool-1 - Starting...
11:49:52:096  INFO 21304 --- [http-nio-8085-exec-1] com.zaxxer.hikari.HikariDataSource       : HikariPool-1 - Start completed.
11:49:52:111 DEBUG 21304 --- [http-nio-8085-exec-1] com.hmall.api.client.ItemClient          : [ItemClient#queryItemByIds] ---> GET http://item-service/items?ids=2120808 HTTP/1.1
11:49:52:111 DEBUG 21304 --- [http-nio-8085-exec-1] com.hmall.api.client.ItemClient          : [ItemClient#queryItemByIds] user-info: 1
11:49:52:111 DEBUG 21304 --- [http-nio-8085-exec-1] com.hmall.api.client.ItemClient          : [ItemClient#queryItemByIds] ---> END HTTP (0-byte body)
11:49:52:274 DEBUG 21304 --- [http-nio-8085-exec-1] com.hmall.api.client.ItemClient          : [ItemClient#queryItemByIds] <--- HTTP/1.1 200 (165ms)
11:49:52:274 DEBUG 21304 --- [http-nio-8085-exec-1] com.hmall.api.client.ItemClient          : [ItemClient#queryItemByIds] connection: keep-alive
11:49:52:274 DEBUG 21304 --- [http-nio-8085-exec-1] com.hmall.api.client.ItemClient          : [ItemClient#queryItemByIds] content-type: application/json
11:49:52:274 DEBUG 21304 --- [http-nio-8085-exec-1] com.hmall.api.client.ItemClient          : [ItemClient#queryItemByIds] date: Sun, 12 Oct 2025 03:49:52 GMT
11:49:52:274 DEBUG 21304 --- [http-nio-8085-exec-1] com.hmall.api.client.ItemClient          : [ItemClient#queryItemByIds] keep-alive: timeout=60
11:49:52:274 DEBUG 21304 --- [http-nio-8085-exec-1] com.hmall.api.client.ItemClient          : [ItemClient#queryItemByIds] transfer-encoding: chunked
11:49:52:274 DEBUG 21304 --- [http-nio-8085-exec-1] com.hmall.api.client.ItemClient          : [ItemClient#queryItemByIds] 
11:49:52:274 DEBUG 21304 --- [http-nio-8085-exec-1] com.hmall.api.client.ItemClient          : [ItemClient#queryItemByIds] [{"id":"2120808","name":"姬龙雪 guy laroche女包 GL经典手提包女牛皮大容量单肩包女欧美时尚包包女包GS1210001-06杏色","price":71800,"stock":1,"image":"https://m.360buyimg.com/mobilecms/s720x720_jfs/t30694/267/398774087/90954/6fc143cf/5bf25358N14dadbf7.jpg!q70.jpg.webp","category":"真皮包","brand":"姬龙雪","spec":"{}","sold":0,"commentCount":0,"isAD":false,"status":1}]
11:49:52:274 DEBUG 21304 --- [http-nio-8085-exec-1] com.hmall.api.client.ItemClient          : [ItemClient#queryItemByIds] <--- END HTTP (402-byte body)
11:49:52:326 DEBUG 21304 --- [http-nio-8085-exec-1] c.hmall.trade.mapper.OrderMapper.insert  : ==>  Preparing: INSERT INTO `order` ( id, total_fee, payment_type, user_id, status ) VALUES ( ?, ?, ?, ?, ? )
11:49:52:342 DEBUG 21304 --- [http-nio-8085-exec-1] c.hmall.trade.mapper.OrderMapper.insert  : ==> Parameters: 1977220145515294722(Long), 71800(Integer), 3(Integer), 1(Long), 1(Integer)
11:49:52:347 DEBUG 21304 --- [http-nio-8085-exec-1] c.hmall.trade.mapper.OrderMapper.insert  : <==    Updates: 1
11:49:52:355 DEBUG 21304 --- [http-nio-8085-exec-1] c.h.t.mapper.OrderDetailMapper.insert    : ==>  Preparing: INSERT INTO order_detail ( order_id, item_id, num, name, spec, price, image ) VALUES ( ?, ?, ?, ?, ?, ?, ? )
11:49:52:355 DEBUG 21304 --- [http-nio-8085-exec-1] c.h.t.mapper.OrderDetailMapper.insert    : ==> Parameters: 1977220145515294722(Long), 2120808(Long), 1(Integer), 姬龙雪 guy laroche女包 GL经典手提包女牛皮大容量单肩包女欧美时尚包包女包GS1210001-06杏色(String), {}(String), 71800(Integer), https://m.360buyimg.com/mobilecms/s720x720_jfs/t30694/267/398774087/90954/6fc143cf/5bf25358N14dadbf7.jpg!q70.jpg.webp(String)
11:49:52:371 DEBUG 21304 --- [http-nio-8085-exec-1] com.hmall.api.client.CartClient          : [CartClient#deleteCartItemByIds] ---> DELETE http://cart-service/carts?ids=2120808 HTTP/1.1
11:49:52:371 DEBUG 21304 --- [http-nio-8085-exec-1] com.hmall.api.client.CartClient          : [CartClient#deleteCartItemByIds] user-info: 1
11:49:52:371 DEBUG 21304 --- [http-nio-8085-exec-1] com.hmall.api.client.CartClient          : [CartClient#deleteCartItemByIds] ---> END HTTP (0-byte body)
11:49:52:429 DEBUG 21304 --- [http-nio-8085-exec-1] com.hmall.api.client.CartClient          : [CartClient#deleteCartItemByIds] <--- HTTP/1.1 200 (57ms)
11:49:52:429 DEBUG 21304 --- [http-nio-8085-exec-1] com.hmall.api.client.CartClient          : [CartClient#deleteCartItemByIds] connection: keep-alive
11:49:52:429 DEBUG 21304 --- [http-nio-8085-exec-1] com.hmall.api.client.CartClient          : [CartClient#deleteCartItemByIds] content-length: 0
11:49:52:429 DEBUG 21304 --- [http-nio-8085-exec-1] com.hmall.api.client.CartClient          : [CartClient#deleteCartItemByIds] date: Sun, 12 Oct 2025 03:49:52 GMT
11:49:52:429 DEBUG 21304 --- [http-nio-8085-exec-1] com.hmall.api.client.CartClient          : [CartClient#deleteCartItemByIds] keep-alive: timeout=60
11:49:52:429 DEBUG 21304 --- [http-nio-8085-exec-1] com.hmall.api.client.CartClient          : [CartClient#deleteCartItemByIds] 
11:49:52:429 DEBUG 21304 --- [http-nio-8085-exec-1] com.hmall.api.client.CartClient          : [CartClient#deleteCartItemByIds] <--- END HTTP (0-byte body)
11:49:52:437 DEBUG 21304 --- [http-nio-8085-exec-1] com.hmall.api.client.ItemClient          : [ItemClient#deductStock] ---> PUT http://item-service/items/stock/deduct HTTP/1.1
11:49:52:437 DEBUG 21304 --- [http-nio-8085-exec-1] com.hmall.api.client.ItemClient          : [ItemClient#deductStock] Content-Length: 30
11:49:52:437 DEBUG 21304 --- [http-nio-8085-exec-1] com.hmall.api.client.ItemClient          : [ItemClient#deductStock] Content-Type: application/json
11:49:52:437 DEBUG 21304 --- [http-nio-8085-exec-1] com.hmall.api.client.ItemClient          : [ItemClient#deductStock] user-info: 1
11:49:52:437 DEBUG 21304 --- [http-nio-8085-exec-1] com.hmall.api.client.ItemClient          : [ItemClient#deductStock] 
11:49:52:437 DEBUG 21304 --- [http-nio-8085-exec-1] com.hmall.api.client.ItemClient          : [ItemClient#deductStock] [{"itemId":"2120808","num":1}]
11:49:52:437 DEBUG 21304 --- [http-nio-8085-exec-1] com.hmall.api.client.ItemClient          : [ItemClient#deductStock] ---> END HTTP (30-byte body)
11:49:52:450 DEBUG 21304 --- [http-nio-8085-exec-1] com.hmall.api.client.ItemClient          : [ItemClient#deductStock] <--- HTTP/1.1 200 (13ms)
11:49:52:450 DEBUG 21304 --- [http-nio-8085-exec-1] com.hmall.api.client.ItemClient          : [ItemClient#deductStock] connection: keep-alive
11:49:52:450 DEBUG 21304 --- [http-nio-8085-exec-1] com.hmall.api.client.ItemClient          : [ItemClient#deductStock] content-length: 0
11:49:52:451 DEBUG 21304 --- [http-nio-8085-exec-1] com.hmall.api.client.ItemClient          : [ItemClient#deductStock] date: Sun, 12 Oct 2025 03:49:52 GMT
11:49:52:451 DEBUG 21304 --- [http-nio-8085-exec-1] com.hmall.api.client.ItemClient          : [ItemClient#deductStock] keep-alive: timeout=60
11:49:52:451 DEBUG 21304 --- [http-nio-8085-exec-1] com.hmall.api.client.ItemClient          : [ItemClient#deductStock] 
11:49:52:451 DEBUG 21304 --- [http-nio-8085-exec-1] com.hmall.api.client.ItemClient          : [ItemClient#deductStock] <--- END HTTP (0-byte body)
11:49:52:560 DEBUG 21304 --- [http-nio-8085-exec-2] c.h.trade.mapper.OrderMapper.selectById  : ==>  Preparing: SELECT id,total_fee,payment_type,user_id,status,create_time,pay_time,consign_time,end_time,close_time,comment_time,update_time FROM `order` WHERE id=?
11:49:52:561 DEBUG 21304 --- [http-nio-8085-exec-2] c.h.trade.mapper.OrderMapper.selectById  : ==> Parameters: 1977220145515294722(Long)
11:49:52:576 DEBUG 21304 --- [http-nio-8085-exec-2] c.h.trade.mapper.OrderMapper.selectById  : <==      Total: 1
11:49:52:790  INFO 21304 --- [nacos-grpc-client-executor-20] com.alibaba.nacos.common.remote.client   : [2e311bb6-94ee-4411-b1dd-dcb20562bc85] Receive server push request, request = NotifySubscriberRequest, requestId = 255
11:49:52:791  INFO 21304 --- [nacos-grpc-client-executor-20] com.alibaba.nacos.common.remote.client   : [2e311bb6-94ee-4411-b1dd-dcb20562bc85] Ack server push request, request = NotifySubscriberRequest, requestId = 255
11:49:52:977  INFO 21304 --- [nacos-grpc-client-executor-21] com.alibaba.nacos.common.remote.client   : [2e311bb6-94ee-4411-b1dd-dcb20562bc85] Receive server push request, request = NotifySubscriberRequest, requestId = 256
11:49:52:978  INFO 21304 --- [nacos-grpc-client-executor-21] com.alibaba.nacos.common.remote.client   : [2e311bb6-94ee-4411-b1dd-dcb20562bc85] Ack server push request, request = NotifySubscriberRequest, requestId = 256
