10:28:06:469  INFO 17536 --- [main] com.hmall.item.ItemApplication           : Starting ItemApplication using Java 11.0.28 on Allen with PID 17536 (D:\dark-horse-store\hmall\item-service\target\classes started by 31031 in D:\dark-horse-store\hmall)
10:28:06:471 DEBUG 17536 --- [main] com.hmall.item.ItemApplication           : Running with Spring Boot v2.7.12, Spring v5.3.27
10:28:06:472  INFO 17536 --- [main] com.hmall.item.ItemApplication           : The following 1 profile is active: "local"
10:28:07:214  INFO 17536 --- [main] .s.d.r.c.RepositoryConfigurationDelegate : Multiple Spring Data modules found, entering strict repository configuration mode
10:28:07:216  INFO 17536 --- [main] .s.d.r.c.RepositoryConfigurationDelegate : Bootstrapping Spring Data Redis repositories in DEFAULT mode.
10:28:07:233  INFO 17536 --- [main] .s.d.r.c.RepositoryConfigurationDelegate : Finished Spring Data repository scanning in 5 ms. Found 0 Redis repository interfaces.
10:28:07:401  INFO 17536 --- [main] o.s.cloud.context.scope.GenericScope     : BeanFactory id=305d9a7d-ae07-3579-8055-58ef63fa9f4e
10:28:07:745  INFO 17536 --- [main] o.s.b.w.embedded.tomcat.TomcatWebServer  : Tomcat initialized with port(s): 8081 (http)
10:28:07:754  INFO 17536 --- [main] o.apache.catalina.core.StandardService   : Starting service [Tomcat]
10:28:07:755  INFO 17536 --- [main] org.apache.catalina.core.StandardEngine  : Starting Servlet engine: [Apache Tomcat/9.0.75]
10:28:07:913  INFO 17536 --- [main] o.a.c.c.C.[Tomcat].[localhost].[/]       : Initializing Spring embedded WebApplicationContext
10:28:07:913  INFO 17536 --- [main] w.s.c.ServletWebServerApplicationContext : Root WebApplicationContext: initialization completed in 1406 ms
10:28:08:683  INFO 33136 --- [main] com.hmall.item.ItemApplication           : Starting ItemApplication using Java 11.0.28 on Allen with PID 33136 (D:\dark-horse-store\hmall\item-service\target\classes started by 31031 in D:\dark-horse-store\hmall)
10:28:08:685 DEBUG 33136 --- [main] com.hmall.item.ItemApplication           : Running with Spring Boot v2.7.12, Spring v5.3.27
10:28:08:685  INFO 33136 --- [main] com.hmall.item.ItemApplication           : The following 1 profile is active: "local"
10:28:09:462  INFO 33136 --- [main] .s.d.r.c.RepositoryConfigurationDelegate : Multiple Spring Data modules found, entering strict repository configuration mode
10:28:09:463  INFO 33136 --- [main] .s.d.r.c.RepositoryConfigurationDelegate : Bootstrapping Spring Data Redis repositories in DEFAULT mode.
10:28:09:482  INFO 33136 --- [main] .s.d.r.c.RepositoryConfigurationDelegate : Finished Spring Data repository scanning in 6 ms. Found 0 Redis repository interfaces.
10:28:09:671  INFO 33136 --- [main] o.s.cloud.context.scope.GenericScope     : BeanFactory id=305d9a7d-ae07-3579-8055-58ef63fa9f4e
10:28:10:005  INFO 33136 --- [main] o.s.b.w.embedded.tomcat.TomcatWebServer  : Tomcat initialized with port(s): 8083 (http)
10:28:10:012  INFO 33136 --- [main] o.apache.catalina.core.StandardService   : Starting service [Tomcat]
10:28:10:012  INFO 33136 --- [main] org.apache.catalina.core.StandardEngine  : Starting Servlet engine: [Apache Tomcat/9.0.75]
10:28:10:142  INFO 33136 --- [main] o.a.c.c.C.[Tomcat].[localhost].[/]       : Initializing Spring embedded WebApplicationContext
10:28:10:143  INFO 33136 --- [main] w.s.c.ServletWebServerApplicationContext : Root WebApplicationContext: initialization completed in 1422 ms
10:28:10:298  INFO 17536 --- [main] o.s.cloud.commons.util.InetUtils         : Cannot determine local hostname
10:28:10:327  INFO 17536 --- [main] pertySourcedRequestMappingHandlerMapping : Mapped URL path [/v2/api-docs] onto method [springfox.documentation.swagger2.web.Swagger2ControllerWebMvc#getDocumentation(String, HttpServletRequest)]
10:28:12:005  INFO 17536 --- [main] o.s.cloud.commons.util.InetUtils         : Cannot determine local hostname
10:28:12:250  INFO 17536 --- [main] com.alibaba.nacos.common.remote.client   : [RpcClientFactory] create a new rpc client of f9c1e0b8-3ff4-4f24-8e59-6bab62f27146
10:28:12:291  INFO 17536 --- [main] org.reflections.Reflections              : Reflections took 16 ms to scan 1 urls, producing 3 keys and 6 values 
10:28:12:319  INFO 17536 --- [main] org.reflections.Reflections              : Reflections took 7 ms to scan 1 urls, producing 4 keys and 9 values 
10:28:12:326  INFO 17536 --- [main] org.reflections.Reflections              : Reflections took 5 ms to scan 1 urls, producing 3 keys and 10 values 
10:28:12:329  WARN 17536 --- [main] org.reflections.Reflections              : given scan urls are empty. set urls in the configuration
10:28:12:335  INFO 17536 --- [main] org.reflections.Reflections              : Reflections took 6 ms to scan 1 urls, producing 1 keys and 5 values 
10:28:12:351  INFO 17536 --- [main] org.reflections.Reflections              : Reflections took 14 ms to scan 1 urls, producing 1 keys and 7 values 
10:28:12:359  INFO 17536 --- [main] org.reflections.Reflections              : Reflections took 5 ms to scan 1 urls, producing 2 keys and 8 values 
10:28:12:360  WARN 17536 --- [main] org.reflections.Reflections              : given scan urls are empty. set urls in the configuration
10:28:12:362  INFO 17536 --- [main] com.alibaba.nacos.common.remote.client   : [f9c1e0b8-3ff4-4f24-8e59-6bab62f27146] RpcClient init label, labels = {module=naming, source=sdk}
10:28:12:363  INFO 17536 --- [main] com.alibaba.nacos.common.remote.client   : [f9c1e0b8-3ff4-4f24-8e59-6bab62f27146] RpcClient init, ServerListFactory = com.alibaba.nacos.client.naming.core.ServerListManager
10:28:12:363  INFO 17536 --- [main] com.alibaba.nacos.common.remote.client   : [f9c1e0b8-3ff4-4f24-8e59-6bab62f27146] Registry connection listener to current client:com.alibaba.nacos.client.naming.remote.gprc.redo.NamingGrpcRedoService
10:28:12:364  INFO 17536 --- [main] com.alibaba.nacos.common.remote.client   : [f9c1e0b8-3ff4-4f24-8e59-6bab62f27146] Register server push request handler:com.alibaba.nacos.client.naming.remote.gprc.NamingPushRequestHandler
10:28:12:365  INFO 17536 --- [main] com.alibaba.nacos.common.remote.client   : [f9c1e0b8-3ff4-4f24-8e59-6bab62f27146] Try to connect to server on start up, server: {serverIp = '192.168.43.143', server main port = 8848}
10:28:12:538  INFO 33136 --- [main] o.s.cloud.commons.util.InetUtils         : Cannot determine local hostname
10:28:12:563  INFO 33136 --- [main] pertySourcedRequestMappingHandlerMapping : Mapped URL path [/v2/api-docs] onto method [springfox.documentation.swagger2.web.Swagger2ControllerWebMvc#getDocumentation(String, HttpServletRequest)]
10:28:14:166  INFO 17536 --- [main] com.alibaba.nacos.common.remote.client   : [f9c1e0b8-3ff4-4f24-8e59-6bab62f27146] Success to connect to server [192.168.43.143:8848] on start up, connectionId = 1760063294053_192.168.43.144_56412
10:28:14:167  INFO 17536 --- [com.alibaba.nacos.client.remote.worker] com.alibaba.nacos.common.remote.client   : [f9c1e0b8-3ff4-4f24-8e59-6bab62f27146] Notify connected event to listeners.
10:28:14:168  INFO 17536 --- [main] com.alibaba.nacos.common.remote.client   : [f9c1e0b8-3ff4-4f24-8e59-6bab62f27146] Register server push request handler:com.alibaba.nacos.common.remote.client.RpcClient$ConnectResetRequestHandler
10:28:14:169  INFO 17536 --- [main] com.alibaba.nacos.common.remote.client   : [f9c1e0b8-3ff4-4f24-8e59-6bab62f27146] Register server push request handler:com.alibaba.nacos.common.remote.client.RpcClient$$Lambda$1073/0x0000000840734c40
10:28:14:244  INFO 17536 --- [main] o.s.b.w.embedded.tomcat.TomcatWebServer  : Tomcat started on port(s): 8081 (http) with context path ''
10:28:14:257  INFO 17536 --- [main] c.a.c.n.registry.NacosServiceRegistry    : nacos registry, DEFAULT_GROUP item-service 192.168.113.1:8081 register finished
10:28:14:325  INFO 33136 --- [main] o.s.cloud.commons.util.InetUtils         : Cannot determine local hostname
10:28:14:547  INFO 33136 --- [main] com.alibaba.nacos.common.remote.client   : [RpcClientFactory] create a new rpc client of 5d20a1e2-1cae-4efb-ae55-8995b5664a85
10:28:14:583  INFO 33136 --- [main] org.reflections.Reflections              : Reflections took 18 ms to scan 1 urls, producing 3 keys and 6 values 
10:28:14:604  INFO 33136 --- [main] org.reflections.Reflections              : Reflections took 8 ms to scan 1 urls, producing 4 keys and 9 values 
10:28:14:612  INFO 33136 --- [main] org.reflections.Reflections              : Reflections took 6 ms to scan 1 urls, producing 3 keys and 10 values 
10:28:14:616  WARN 33136 --- [main] org.reflections.Reflections              : given scan urls are empty. set urls in the configuration
10:28:14:622  INFO 33136 --- [main] org.reflections.Reflections              : Reflections took 6 ms to scan 1 urls, producing 1 keys and 5 values 
10:28:14:640  INFO 33136 --- [main] org.reflections.Reflections              : Reflections took 16 ms to scan 1 urls, producing 1 keys and 7 values 
10:28:14:648  INFO 33136 --- [main] org.reflections.Reflections              : Reflections took 6 ms to scan 1 urls, producing 2 keys and 8 values 
10:28:14:650  WARN 33136 --- [main] org.reflections.Reflections              : given scan urls are empty. set urls in the configuration
10:28:14:651  INFO 33136 --- [main] com.alibaba.nacos.common.remote.client   : [5d20a1e2-1cae-4efb-ae55-8995b5664a85] RpcClient init label, labels = {module=naming, source=sdk}
10:28:14:654  INFO 33136 --- [main] com.alibaba.nacos.common.remote.client   : [5d20a1e2-1cae-4efb-ae55-8995b5664a85] RpcClient init, ServerListFactory = com.alibaba.nacos.client.naming.core.ServerListManager
10:28:14:654  INFO 33136 --- [main] com.alibaba.nacos.common.remote.client   : [5d20a1e2-1cae-4efb-ae55-8995b5664a85] Registry connection listener to current client:com.alibaba.nacos.client.naming.remote.gprc.redo.NamingGrpcRedoService
10:28:14:655  INFO 33136 --- [main] com.alibaba.nacos.common.remote.client   : [5d20a1e2-1cae-4efb-ae55-8995b5664a85] Register server push request handler:com.alibaba.nacos.client.naming.remote.gprc.NamingPushRequestHandler
10:28:14:656  INFO 33136 --- [main] com.alibaba.nacos.common.remote.client   : [5d20a1e2-1cae-4efb-ae55-8995b5664a85] Try to connect to server on start up, server: {serverIp = '192.168.43.143', server main port = 8848}
10:28:14:802  INFO 17536 --- [nacos-grpc-client-executor-9] com.alibaba.nacos.common.remote.client   : [f9c1e0b8-3ff4-4f24-8e59-6bab62f27146] Receive server push request, request = NotifySubscriberRequest, requestId = 2
10:28:14:815  INFO 17536 --- [nacos-grpc-client-executor-9] com.alibaba.nacos.common.remote.client   : [f9c1e0b8-3ff4-4f24-8e59-6bab62f27146] Ack server push request, request = NotifySubscriberRequest, requestId = 2
10:28:15:589  INFO 17536 --- [main] o.s.cloud.commons.util.InetUtils         : Cannot determine local hostname
10:28:15:589  INFO 17536 --- [main] d.s.w.p.DocumentationPluginsBootstrapper : Documentation plugins bootstrapped
10:28:15:593  INFO 17536 --- [main] d.s.w.p.DocumentationPluginsBootstrapper : Found 1 custom documentation plugin(s)
10:28:15:618  INFO 17536 --- [main] s.d.s.w.s.ApiListingReferenceScanner     : Scanning for api listing references
10:28:15:765  INFO 17536 --- [main] com.hmall.item.ItemApplication           : Started ItemApplication in 10.969 seconds (JVM running for 11.743)
10:28:15:995  INFO 33136 --- [main] com.alibaba.nacos.common.remote.client   : [5d20a1e2-1cae-4efb-ae55-8995b5664a85] Success to connect to server [192.168.43.143:8848] on start up, connectionId = 1760063295909_192.168.43.144_9973
10:28:15:996  INFO 33136 --- [com.alibaba.nacos.client.remote.worker] com.alibaba.nacos.common.remote.client   : [5d20a1e2-1cae-4efb-ae55-8995b5664a85] Notify connected event to listeners.
10:28:15:997  INFO 33136 --- [main] com.alibaba.nacos.common.remote.client   : [5d20a1e2-1cae-4efb-ae55-8995b5664a85] Register server push request handler:com.alibaba.nacos.common.remote.client.RpcClient$ConnectResetRequestHandler
10:28:15:998  INFO 33136 --- [main] com.alibaba.nacos.common.remote.client   : [5d20a1e2-1cae-4efb-ae55-8995b5664a85] Register server push request handler:com.alibaba.nacos.common.remote.client.RpcClient$$Lambda$1073/0x0000000840734c40
10:28:16:060  INFO 33136 --- [main] o.s.b.w.embedded.tomcat.TomcatWebServer  : Tomcat started on port(s): 8083 (http) with context path ''
10:28:16:070  INFO 33136 --- [main] c.a.c.n.registry.NacosServiceRegistry    : nacos registry, DEFAULT_GROUP item-service 192.168.113.1:8083 register finished
10:28:16:585  INFO 17536 --- [nacos-grpc-client-executor-12] com.alibaba.nacos.common.remote.client   : [f9c1e0b8-3ff4-4f24-8e59-6bab62f27146] Receive server push request, request = NotifySubscriberRequest, requestId = 3
10:28:16:598  INFO 33136 --- [nacos-grpc-client-executor-9] com.alibaba.nacos.common.remote.client   : [5d20a1e2-1cae-4efb-ae55-8995b5664a85] Receive server push request, request = NotifySubscriberRequest, requestId = 4
10:28:16:601  INFO 17536 --- [nacos-grpc-client-executor-12] com.alibaba.nacos.common.remote.client   : [f9c1e0b8-3ff4-4f24-8e59-6bab62f27146] Ack server push request, request = NotifySubscriberRequest, requestId = 3
10:28:16:601  INFO 33136 --- [nacos-grpc-client-executor-9] com.alibaba.nacos.common.remote.client   : [5d20a1e2-1cae-4efb-ae55-8995b5664a85] Ack server push request, request = NotifySubscriberRequest, requestId = 4
10:28:17:433  INFO 33136 --- [main] o.s.cloud.commons.util.InetUtils         : Cannot determine local hostname
10:28:17:434  INFO 33136 --- [main] d.s.w.p.DocumentationPluginsBootstrapper : Documentation plugins bootstrapped
10:28:17:438  INFO 33136 --- [main] d.s.w.p.DocumentationPluginsBootstrapper : Found 1 custom documentation plugin(s)
10:28:17:461  INFO 33136 --- [main] s.d.s.w.s.ApiListingReferenceScanner     : Scanning for api listing references
10:28:17:560  INFO 33136 --- [main] com.hmall.item.ItemApplication           : Started ItemApplication in 10.602 seconds (JVM running for 11.418)
10:28:47:644  INFO 17536 --- [http-nio-8081-exec-1] o.a.c.c.C.[Tomcat].[localhost].[/]       : Initializing Spring DispatcherServlet 'dispatcherServlet'
10:28:47:644  INFO 17536 --- [http-nio-8081-exec-1] o.s.web.servlet.DispatcherServlet        : Initializing Servlet 'dispatcherServlet'
10:28:47:645  INFO 17536 --- [http-nio-8081-exec-1] o.s.web.servlet.DispatcherServlet        : Completed initialization in 1 ms
10:34:08:416  INFO 17536 --- [http-nio-8081-exec-1] com.zaxxer.hikari.HikariDataSource       : HikariPool-1 - Starting...
10:34:08:697  INFO 17536 --- [http-nio-8081-exec-1] com.zaxxer.hikari.HikariDataSource       : HikariPool-1 - Start completed.
10:34:08:702 DEBUG 17536 --- [http-nio-8081-exec-1] c.h.i.m.ItemMapper.selectPage_mpCount    : ==>  Preparing: SELECT COUNT(*) FROM item WHERE (status = ?)
10:34:08:721 DEBUG 17536 --- [http-nio-8081-exec-1] c.h.i.m.ItemMapper.selectPage_mpCount    : ==> Parameters: 1(Integer)
10:34:08:783 DEBUG 17536 --- [http-nio-8081-exec-1] c.h.i.m.ItemMapper.selectPage_mpCount    : <==      Total: 1
10:34:08:791 DEBUG 17536 --- [http-nio-8081-exec-1] c.h.item.mapper.ItemMapper.selectPage    : ==>  Preparing: SELECT id, name, price, stock, image, category, brand, spec, sold, comment_count, isAD, status, create_time, update_time, creater, updater FROM item WHERE (status = ?) ORDER BY update_time DESC LIMIT ?
10:34:08:792 DEBUG 17536 --- [http-nio-8081-exec-1] c.h.item.mapper.ItemMapper.selectPage    : ==> Parameters: 1(Integer), 20(Long)
10:34:08:805 DEBUG 17536 --- [http-nio-8081-exec-1] c.h.item.mapper.ItemMapper.selectPage    : <==      Total: 20
10:38:24:994  INFO 33136 --- [http-nio-8083-exec-1] o.a.c.c.C.[Tomcat].[localhost].[/]       : Initializing Spring DispatcherServlet 'dispatcherServlet'
10:38:24:994  INFO 33136 --- [http-nio-8083-exec-1] o.s.web.servlet.DispatcherServlet        : Initializing Servlet 'dispatcherServlet'
10:38:24:996  INFO 33136 --- [http-nio-8083-exec-1] o.s.web.servlet.DispatcherServlet        : Completed initialization in 2 ms
10:38:25:121  INFO 33136 --- [http-nio-8083-exec-1] com.zaxxer.hikari.HikariDataSource       : HikariPool-1 - Starting...
10:38:25:421  INFO 33136 --- [http-nio-8083-exec-1] com.zaxxer.hikari.HikariDataSource       : HikariPool-1 - Start completed.
10:38:25:426 DEBUG 33136 --- [http-nio-8083-exec-1] c.h.i.m.ItemMapper.selectPage_mpCount    : ==>  Preparing: SELECT COUNT(*) FROM item WHERE (status = ?)
10:38:25:442 DEBUG 33136 --- [http-nio-8083-exec-1] c.h.i.m.ItemMapper.selectPage_mpCount    : ==> Parameters: 1(Integer)
10:38:25:469 DEBUG 33136 --- [http-nio-8083-exec-1] c.h.i.m.ItemMapper.selectPage_mpCount    : <==      Total: 1
10:38:25:477 DEBUG 33136 --- [http-nio-8083-exec-1] c.h.item.mapper.ItemMapper.selectPage    : ==>  Preparing: SELECT id, name, price, stock, image, category, brand, spec, sold, comment_count, isAD, status, create_time, update_time, creater, updater FROM item WHERE (status = ?) ORDER BY update_time DESC LIMIT ?
10:38:25:477 DEBUG 33136 --- [http-nio-8083-exec-1] c.h.item.mapper.ItemMapper.selectPage    : ==> Parameters: 1(Integer), 20(Long)
10:38:25:487 DEBUG 33136 --- [http-nio-8083-exec-1] c.h.item.mapper.ItemMapper.selectPage    : <==      Total: 20
10:38:35:704 DEBUG 17536 --- [http-nio-8081-exec-3] c.h.i.m.ItemMapper.selectPage_mpCount    : ==>  Preparing: SELECT COUNT(*) FROM item WHERE (status = ?)
10:38:35:705 DEBUG 17536 --- [http-nio-8081-exec-3] c.h.i.m.ItemMapper.selectPage_mpCount    : ==> Parameters: 1(Integer)
10:38:35:717 DEBUG 17536 --- [http-nio-8081-exec-3] c.h.i.m.ItemMapper.selectPage_mpCount    : <==      Total: 1
10:38:35:719 DEBUG 17536 --- [http-nio-8081-exec-3] c.h.item.mapper.ItemMapper.selectPage    : ==>  Preparing: SELECT id, name, price, stock, image, category, brand, spec, sold, comment_count, isAD, status, create_time, update_time, creater, updater FROM item WHERE (status = ?) ORDER BY update_time DESC LIMIT ?
10:38:35:720 DEBUG 17536 --- [http-nio-8081-exec-3] c.h.item.mapper.ItemMapper.selectPage    : ==> Parameters: 1(Integer), 20(Long)
10:38:35:724 DEBUG 17536 --- [http-nio-8081-exec-3] c.h.item.mapper.ItemMapper.selectPage    : <==      Total: 20
10:39:23:399 DEBUG 33136 --- [http-nio-8083-exec-2] c.h.i.m.ItemMapper.selectPage_mpCount    : ==>  Preparing: SELECT COUNT(*) FROM item WHERE (status = ?)
10:39:23:400 DEBUG 33136 --- [http-nio-8083-exec-2] c.h.i.m.ItemMapper.selectPage_mpCount    : ==> Parameters: 1(Integer)
10:39:23:411 DEBUG 33136 --- [http-nio-8083-exec-2] c.h.i.m.ItemMapper.selectPage_mpCount    : <==      Total: 1
10:39:23:413 DEBUG 33136 --- [http-nio-8083-exec-2] c.h.item.mapper.ItemMapper.selectPage    : ==>  Preparing: SELECT id, name, price, stock, image, category, brand, spec, sold, comment_count, isAD, status, create_time, update_time, creater, updater FROM item WHERE (status = ?) ORDER BY update_time DESC LIMIT ?
10:39:23:413 DEBUG 33136 --- [http-nio-8083-exec-2] c.h.item.mapper.ItemMapper.selectPage    : ==> Parameters: 1(Integer), 20(Long)
10:39:23:418 DEBUG 33136 --- [http-nio-8083-exec-2] c.h.item.mapper.ItemMapper.selectPage    : <==      Total: 20
10:39:31:869 DEBUG 17536 --- [http-nio-8081-exec-4] c.h.i.m.ItemMapper.selectPage_mpCount    : ==>  Preparing: SELECT COUNT(*) FROM item WHERE (status = ?)
10:39:31:869 DEBUG 17536 --- [http-nio-8081-exec-4] c.h.i.m.ItemMapper.selectPage_mpCount    : ==> Parameters: 1(Integer)
10:39:31:880 DEBUG 17536 --- [http-nio-8081-exec-4] c.h.i.m.ItemMapper.selectPage_mpCount    : <==      Total: 1
10:39:31:882 DEBUG 17536 --- [http-nio-8081-exec-4] c.h.item.mapper.ItemMapper.selectPage    : ==>  Preparing: SELECT id, name, price, stock, image, category, brand, spec, sold, comment_count, isAD, status, create_time, update_time, creater, updater FROM item WHERE (status = ?) ORDER BY update_time DESC LIMIT ?
10:39:31:882 DEBUG 17536 --- [http-nio-8081-exec-4] c.h.item.mapper.ItemMapper.selectPage    : ==> Parameters: 1(Integer), 20(Long)
10:39:31:888 DEBUG 17536 --- [http-nio-8081-exec-4] c.h.item.mapper.ItemMapper.selectPage    : <==      Total: 20
10:39:32:038 DEBUG 33136 --- [http-nio-8083-exec-3] c.h.i.m.ItemMapper.selectPage_mpCount    : ==>  Preparing: SELECT COUNT(*) FROM item WHERE (status = ?)
10:39:32:038 DEBUG 33136 --- [http-nio-8083-exec-3] c.h.i.m.ItemMapper.selectPage_mpCount    : ==> Parameters: 1(Integer)
10:39:32:049 DEBUG 33136 --- [http-nio-8083-exec-3] c.h.i.m.ItemMapper.selectPage_mpCount    : <==      Total: 1
10:39:32:050 DEBUG 33136 --- [http-nio-8083-exec-3] c.h.item.mapper.ItemMapper.selectPage    : ==>  Preparing: SELECT id, name, price, stock, image, category, brand, spec, sold, comment_count, isAD, status, create_time, update_time, creater, updater FROM item WHERE (status = ?) ORDER BY update_time DESC LIMIT ?
10:39:32:051 DEBUG 33136 --- [http-nio-8083-exec-3] c.h.item.mapper.ItemMapper.selectPage    : ==> Parameters: 1(Integer), 20(Long)
10:39:32:054 DEBUG 33136 --- [http-nio-8083-exec-3] c.h.item.mapper.ItemMapper.selectPage    : <==      Total: 20
10:39:32:230 DEBUG 17536 --- [http-nio-8081-exec-5] c.h.i.m.ItemMapper.selectPage_mpCount    : ==>  Preparing: SELECT COUNT(*) FROM item WHERE (status = ?)
10:39:32:230 DEBUG 17536 --- [http-nio-8081-exec-5] c.h.i.m.ItemMapper.selectPage_mpCount    : ==> Parameters: 1(Integer)
10:39:32:242 DEBUG 17536 --- [http-nio-8081-exec-5] c.h.i.m.ItemMapper.selectPage_mpCount    : <==      Total: 1
10:39:32:243 DEBUG 17536 --- [http-nio-8081-exec-5] c.h.item.mapper.ItemMapper.selectPage    : ==>  Preparing: SELECT id, name, price, stock, image, category, brand, spec, sold, comment_count, isAD, status, create_time, update_time, creater, updater FROM item WHERE (status = ?) ORDER BY update_time DESC LIMIT ?
10:39:32:244 DEBUG 17536 --- [http-nio-8081-exec-5] c.h.item.mapper.ItemMapper.selectPage    : ==> Parameters: 1(Integer), 20(Long)
10:39:32:247 DEBUG 17536 --- [http-nio-8081-exec-5] c.h.item.mapper.ItemMapper.selectPage    : <==      Total: 20
10:39:32:371 DEBUG 33136 --- [http-nio-8083-exec-5] c.h.i.m.ItemMapper.selectPage_mpCount    : ==>  Preparing: SELECT COUNT(*) FROM item WHERE (status = ?)
10:39:32:371 DEBUG 33136 --- [http-nio-8083-exec-5] c.h.i.m.ItemMapper.selectPage_mpCount    : ==> Parameters: 1(Integer)
10:39:32:384 DEBUG 33136 --- [http-nio-8083-exec-5] c.h.i.m.ItemMapper.selectPage_mpCount    : <==      Total: 1
10:39:32:385 DEBUG 33136 --- [http-nio-8083-exec-5] c.h.item.mapper.ItemMapper.selectPage    : ==>  Preparing: SELECT id, name, price, stock, image, category, brand, spec, sold, comment_count, isAD, status, create_time, update_time, creater, updater FROM item WHERE (status = ?) ORDER BY update_time DESC LIMIT ?
10:39:32:386 DEBUG 33136 --- [http-nio-8083-exec-5] c.h.item.mapper.ItemMapper.selectPage    : ==> Parameters: 1(Integer), 20(Long)
10:39:32:389 DEBUG 33136 --- [http-nio-8083-exec-5] c.h.item.mapper.ItemMapper.selectPage    : <==      Total: 20
10:41:24:181 DEBUG 17536 --- [http-nio-8081-exec-7] c.h.i.m.ItemMapper.selectPage_mpCount    : ==>  Preparing: SELECT COUNT(*) FROM item WHERE (status = ?)
10:41:24:181 DEBUG 17536 --- [http-nio-8081-exec-7] c.h.i.m.ItemMapper.selectPage_mpCount    : ==> Parameters: 1(Integer)
10:41:24:195 DEBUG 17536 --- [http-nio-8081-exec-7] c.h.i.m.ItemMapper.selectPage_mpCount    : <==      Total: 1
10:41:24:195 DEBUG 17536 --- [http-nio-8081-exec-7] c.h.item.mapper.ItemMapper.selectPage    : ==>  Preparing: SELECT id, name, price, stock, image, category, brand, spec, sold, comment_count, isAD, status, create_time, update_time, creater, updater FROM item WHERE (status = ?) ORDER BY update_time DESC LIMIT ?
10:41:24:195 DEBUG 17536 --- [http-nio-8081-exec-7] c.h.item.mapper.ItemMapper.selectPage    : ==> Parameters: 1(Integer), 20(Long)
10:41:24:205 DEBUG 17536 --- [http-nio-8081-exec-7] c.h.item.mapper.ItemMapper.selectPage    : <==      Total: 20
10:42:09:183 DEBUG 33136 --- [http-nio-8083-exec-4] c.h.i.m.ItemMapper.selectPage_mpCount    : ==>  Preparing: SELECT COUNT(*) FROM item WHERE (status = ?)
10:42:09:184 DEBUG 33136 --- [http-nio-8083-exec-4] c.h.i.m.ItemMapper.selectPage_mpCount    : ==> Parameters: 1(Integer)
10:42:09:196 DEBUG 33136 --- [http-nio-8083-exec-4] c.h.i.m.ItemMapper.selectPage_mpCount    : <==      Total: 1
10:42:09:199 DEBUG 33136 --- [http-nio-8083-exec-4] c.h.item.mapper.ItemMapper.selectPage    : ==>  Preparing: SELECT id, name, price, stock, image, category, brand, spec, sold, comment_count, isAD, status, create_time, update_time, creater, updater FROM item WHERE (status = ?) ORDER BY update_time DESC LIMIT ?
10:42:09:200 DEBUG 33136 --- [http-nio-8083-exec-4] c.h.item.mapper.ItemMapper.selectPage    : ==> Parameters: 1(Integer), 20(Long)
10:42:09:206 DEBUG 33136 --- [http-nio-8083-exec-4] c.h.item.mapper.ItemMapper.selectPage    : <==      Total: 20
10:42:13:677 DEBUG 17536 --- [http-nio-8081-exec-8] c.h.i.m.ItemMapper.selectPage_mpCount    : ==>  Preparing: SELECT COUNT(*) FROM item WHERE (status = ?)
10:42:13:678 DEBUG 17536 --- [http-nio-8081-exec-8] c.h.i.m.ItemMapper.selectPage_mpCount    : ==> Parameters: 1(Integer)
10:42:13:690 DEBUG 17536 --- [http-nio-8081-exec-8] c.h.i.m.ItemMapper.selectPage_mpCount    : <==      Total: 1
10:42:13:692 DEBUG 17536 --- [http-nio-8081-exec-8] c.h.item.mapper.ItemMapper.selectPage    : ==>  Preparing: SELECT id, name, price, stock, image, category, brand, spec, sold, comment_count, isAD, status, create_time, update_time, creater, updater FROM item WHERE (status = ?) ORDER BY update_time DESC LIMIT ?
10:42:13:692 DEBUG 17536 --- [http-nio-8081-exec-8] c.h.item.mapper.ItemMapper.selectPage    : ==> Parameters: 1(Integer), 20(Long)
10:42:13:699 DEBUG 17536 --- [http-nio-8081-exec-8] c.h.item.mapper.ItemMapper.selectPage    : <==      Total: 20
